#
# There is insufficient memory for the Java Runtime Environment to continue.
# Native memory allocation (mmap) failed to map 65536 bytes for Failed to commit metaspace.
# Possible reasons:
#   The system is out of physical RAM or swap space
#   The process is running with CompressedOops enabled, and the Java Heap may be blocking the growth of the native heap
# Possible solutions:
#   Reduce memory load on the system
#   Increase physical memory or swap space
#   Check if swap backing store is full
#   Decrease Java heap size (-Xmx/-Xms)
#   Decrease number of Java threads
#   Decrease Java thread stack sizes (-Xss)
#   Set larger code cache with -XX:ReservedCodeCacheSize=
#   JVM is running with Unscaled Compressed Oops mode in which the Java heap is
#     placed in the first 4GB address space. The Java Heap base address is the
#     maximum limit for the native heap growth. Please use -XX:HeapBaseMinAddress
#     to set the Java Heap base and to place the Java Heap above 4GB virtual address.
# This output file may be truncated or incomplete.
#
#  Out of Memory Error (virtualSpaceNode.cpp:112), pid=33408, tid=33572
#
# JRE version: Java(TM) SE Runtime Environment (21.0.5+9) (build 21.0.5+9-LTS-239)
# Java VM: Java HotSpot(TM) 64-Bit Server VM (21.0.5+9-LTS-239, mixed mode, sharing, tiered, compressed oops, compressed class ptrs, g1 gc, windows-amd64)
# No core dump will be written. Minidumps are not enabled by default on client versions of Windows
#

---------------  S U M M A R Y ------------

Command Line: -Dfile.encoding=UTF-8 --module-path=C:\Users\tejas\OneDrive\Documents\NetBeansProjects\Travel System\build\classes travel.system.Dashboard

Host: AMD Ryzen 5 5600H with Radeon Graphics         , 12 cores, 5G,  Windows 11 , 64 bit Build 22621 (10.0.22621.4830)
Time: Sat Mar 22 05:34:17 2025 India Standard Time elapsed time: 0.371735 seconds (0d 0h 0m 0s)

---------------  T H R E A D  ---------------

Current thread (0x0000016b17567f50):  JavaThread "Image Fetcher 0" daemon [_thread_in_vm, id=33572, stack(0x00000059b6200000,0x00000059b6300000) (1024K)]

Stack: [0x00000059b6200000,0x00000059b6300000]
Native frames: (J=compiled Java code, j=interpreted, Vv=VM code, C=native code)
V  [jvm.dll+0x6ca289]
V  [jvm.dll+0x854a51]
V  [jvm.dll+0x856f7e]
V  [jvm.dll+0x857653]
V  [jvm.dll+0x27dd26]
V  [jvm.dll+0x85066e]
V  [jvm.dll+0x66dfd5]
V  [jvm.dll+0x66e03a]
V  [jvm.dll+0x670855]
V  [jvm.dll+0x670722]
V  [jvm.dll+0x66e9ae]
V  [jvm.dll+0x2681cf]
V  [jvm.dll+0x678d25]
V  [jvm.dll+0x214c91]
V  [jvm.dll+0x21511a]
V  [jvm.dll+0x215b41]
V  [jvm.dll+0x20afde]
V  [jvm.dll+0x5aceac]
V  [jvm.dll+0x21c77a]
V  [jvm.dll+0x7ce34c]
V  [jvm.dll+0x7cf374]
V  [jvm.dll+0x7cfb60]
V  [jvm.dll+0x215f3c]
V  [jvm.dll+0x20aff7]
V  [jvm.dll+0x5aceac]
V  [jvm.dll+0x21c77a]
V  [jvm.dll+0x7ce34c]
V  [jvm.dll+0x7cf374]
V  [jvm.dll+0x7cf942]
V  [jvm.dll+0x7cf5c8]
V  [jvm.dll+0x26bb4b]
V  [jvm.dll+0x26bd7a]
V  [jvm.dll+0x5cff67]
V  [jvm.dll+0x5d2f56]
V  [jvm.dll+0x3d64a5]
V  [jvm.dll+0x3d5b1d]
C  0x0000016b0f909775

The last pc belongs to invokestatic (printed below).
Java frames: (J=compiled Java code, j=interpreted, Vv=VM code)
j  java.awt.image.DataBuffer.<clinit>()V+44 java.desktop@21.0.5
v  ~StubRoutines::call_stub 0x0000016b0f8f100d
j  java.awt.image.Raster.createPackedRaster(III[ILjava/awt/Point;)Ljava/awt/image/WritableRaster;+62 java.desktop@21.0.5
j  java.awt.image.DirectColorModel.createCompatibleWritableRaster(II)Ljava/awt/image/WritableRaster;+83 java.desktop@21.0.5
j  sun.awt.image.ImageRepresentation.createBufferedImage()V+18 java.desktop@21.0.5
j  sun.awt.image.ImageRepresentation.setPixels(IIIILjava/awt/image/ColorModel;[III)V+47 java.desktop@21.0.5
j  sun.awt.image.ImageDecoder.setPixels(IIIILjava/awt/image/ColorModel;[III)I+44 java.desktop@21.0.5
j  sun.awt.image.JPEGImageDecoder.sendPixels([II)Z+14 java.desktop@21.0.5
v  ~StubRoutines::call_stub 0x0000016b0f8f100d
j  sun.awt.image.JPEGImageDecoder.readImage(Ljava/io/InputStream;[B)V+0 java.desktop@21.0.5
j  sun.awt.image.JPEGImageDecoder.produceImage()V+10 java.desktop@21.0.5
j  sun.awt.image.InputStreamImageSource.doFetch()V+51 java.desktop@21.0.5
j  sun.awt.image.ImageFetcher.fetchloop()V+31 java.desktop@21.0.5
j  sun.awt.image.ImageFetcher.run()V+5 java.desktop@21.0.5
v  ~StubRoutines::call_stub 0x0000016b0f8f100d
invokestatic  184 invokestatic  [0x0000016b0f9096c0, 0x0000016b0f909988]  712 bytes
[MachCode]
  0x0000016b0f9096c0: 4883 ec08 | c5fa 1104 | 24eb 1f48 | 83ec 10c5 | fb11 0424 | eb14 4883 | ec10 4889 | 0424 48c7 
  0x0000016b0f9096e0: 4424 0800 | 0000 00eb | 0150 4c89 | 6dc0 410f | b755 0148 | 8b4d d0c1 | e202 8b5c | d138 c1eb 
  0x0000016b0f909700: 1081 e3ff | 0000 0081 | fbb8 0000 | 000f 84b4 | 0000 00bb | b800 0000 | e805 0000 | 00e9 9900 
  0x0000016b0f909720: 0000 488b | d348 8d44 | 2408 4c89 | 6dc0 498b | cfc5 f877 | 4989 afa8 | 0300 0049 | 8987 9803 
  0x0000016b0f909740: 0000 4883 | ec20 40f6 | c40f 0f84 | 1900 0000 | 4883 ec08 | 48b8 b05a | f502 f87f | 0000 ffd0 
  0x0000016b0f909760: 4883 c408 | e90c 0000 | 0048 b8b0 | 5af5 02f8 | 7f00 00ff | d048 83c4 | 2049 c787 | 9803 0000 
  0x0000016b0f909780: 0000 0000 | 49c7 87a8 | 0300 0000 | 0000 0049 | c787 a003 | 0000 0000 | 0000 c5f8 | 7749 837f 
  0x0000016b0f9097a0: 0800 0f84 | 0500 0000 | e953 77fe | ff4c 8b6d | c04c 8b75 | c84e 8d74 | f500 c341 | 0fb7 5501 
  0x0000016b0f9097c0: 488b 4dd0 | c1e2 0248 | 8b5c d140 | 488b 5b08 | 488b 5b08 | 488b 5b18 | 80bb 2101 | 0000 040f 
  0x0000016b0f9097e0: 840d 0000 | 004c 3bbb | 2801 0000 | 0f85 21ff | ffff 488b | 5cd1 408b | 54d1 50c1 | ea1c 49ba 
  0x0000016b0f909800: 20bb 7c03 | f87f 0000 | 498b 14d2 | 5248 8b45 | d848 85c0 | 0f84 1200 | 0000 4883 | 4008 0148 
  0x0000016b0f909820: 8358 0800 | 4883 c010 | 4889 45d8 | 488b 45d8 | 4885 c00f | 843d 0100 | 0080 78f0 | 0a0f 8533 
  0x0000016b0f909840: 0100 0048 | 83c0 084c | 8b68 f841 | 83ed 0041 | 83fd 020f | 8c12 0100 | 004c 8b6b | 0845 0fb7 
  0x0000016b0f909860: 6d2e 4c2b | 2841 83ed | 014e 8b6c | ec08 4d85 | ed75 0ef6 | 4008 0175 | 58f0 4883 | 4808 01eb 
  0x0000016b0f909880: 5045 8b6d | 0849 ba00 | 0000 186b | 0100 004d | 03ea 4d8b | d54c 3368 | 0849 f7c5 | fcff ffff 
  0x0000016b0f9098a0: 742f 41f6 | c502 7529 | 4883 7808 | 0074 1e48 | 8378 0801 | 7417 4d8b | ea4c 3368 | 0849 f7c5 
  0x0000016b0f9098c0: fcff ffff | 740b 4883 | 4808 02eb | 044c 8968 | 0848 83c0 | 104c 8b68 | e841 83ed | 0241 83fd 
  0x0000016b0f9098e0: 020f 8c84 | 0000 004c | 8b6b 0845 | 0fb7 6d2e | 4c2b 2841 | 83ed 014e | 8b6c ec08 | 4d85 ed75 
  0x0000016b0f909900: 0ef6 4008 | 0175 58f0 | 4883 4808 | 01eb 5045 | 8b6d 0849 | ba00 0000 | 186b 0100 | 004d 03ea 
  0x0000016b0f909920: 4d8b d54c | 3368 0849 | f7c5 fcff | ffff 742f | 41f6 c502 | 7529 4883 | 7808 0074 | 1e48 8378 
  0x0000016b0f909940: 0801 7417 | 4d8b ea4c | 3368 0849 | f7c5 fcff | ffff 740b | 4883 4808 | 02eb 044c | 8968 0848 
  0x0000016b0f909960: 83c0 104c | 8b68 d841 | 83ed 0441 | c1e5 0349 | 03c5 4889 | 45d8 4c8d | 6c24 084c | 896d f0ff 
  0x0000016b0f909980: 6350 660f | 1f44 0000 
[/MachCode]

---------------  P R O C E S S  ---------------

Threads class SMR info:
_java_thread_list=0x0000016b1777c370, length=15, elements={
0x0000016b781598f0, 0x0000016b7f084980, 0x0000016b7f0864e0, 0x0000016b7f088a80,
0x0000016b7f08c850, 0x0000016b7f08d2a0, 0x0000016b7f095d00, 0x0000016b7f09dfa0,
0x0000016b7f0a05c0, 0x0000016b175678c0, 0x0000016b17569990, 0x0000016b17566510,
0x0000016b17569300, 0x0000016b17568c70, 0x0000016b17567f50
}

Java Threads: ( => current thread )
  0x0000016b781598f0 JavaThread "main"                              [_thread_blocked, id=33472, stack(0x00000059b4d00000,0x00000059b4e00000) (1024K)]
  0x0000016b7f084980 JavaThread "Reference Handler"          daemon [_thread_blocked, id=33504, stack(0x00000059b5500000,0x00000059b5600000) (1024K)]
  0x0000016b7f0864e0 JavaThread "Finalizer"                  daemon [_thread_blocked, id=33508, stack(0x00000059b5600000,0x00000059b5700000) (1024K)]
  0x0000016b7f088a80 JavaThread "Signal Dispatcher"          daemon [_thread_blocked, id=33512, stack(0x00000059b5700000,0x00000059b5800000) (1024K)]
  0x0000016b7f08c850 JavaThread "Attach Listener"            daemon [_thread_blocked, id=33516, stack(0x00000059b5800000,0x00000059b5900000) (1024K)]
  0x0000016b7f08d2a0 JavaThread "Service Thread"             daemon [_thread_blocked, id=33520, stack(0x00000059b5900000,0x00000059b5a00000) (1024K)]
  0x0000016b7f095d00 JavaThread "Monitor Deflation Thread"   daemon [_thread_blocked, id=33524, stack(0x00000059b5a00000,0x00000059b5b00000) (1024K)]
  0x0000016b7f09dfa0 JavaThread "C2 CompilerThread0"         daemon [_thread_blocked, id=33528, stack(0x00000059b5b00000,0x00000059b5c00000) (1024K)]
  0x0000016b7f0a05c0 JavaThread "C1 CompilerThread0"         daemon [_thread_blocked, id=33532, stack(0x00000059b5c00000,0x00000059b5d00000) (1024K)]
  0x0000016b175678c0 JavaThread "Common-Cleaner"             daemon [_thread_blocked, id=33536, stack(0x00000059b5d00000,0x00000059b5e00000) (1024K)]
  0x0000016b17569990 JavaThread "Notification Thread"        daemon [_thread_blocked, id=33540, stack(0x00000059b5e00000,0x00000059b5f00000) (1024K)]
  0x0000016b17566510 JavaThread "Java2D Disposer"            daemon [_thread_blocked, id=33552, stack(0x00000059b5f00000,0x00000059b6000000) (1024K)]
  0x0000016b17569300 JavaThread "AWT-Shutdown"                      [_thread_blocked, id=33556, stack(0x00000059b6000000,0x00000059b6100000) (1024K)]
  0x0000016b17568c70 JavaThread "AWT-Windows"                daemon [_thread_in_native, id=33560, stack(0x00000059b6100000,0x00000059b6200000) (1024K)]
=>0x0000016b17567f50 JavaThread "Image Fetcher 0"            daemon [_thread_in_vm, id=33572, stack(0x00000059b6200000,0x00000059b6300000) (1024K)]
Total: 15

Other Threads:
  0x0000016b7f06ea40 VMThread "VM Thread"                           [id=33500, stack(0x00000059b5400000,0x00000059b5500000) (1024K)]
  0x0000016b7f059810 WatcherThread "VM Periodic Task Thread"        [id=33496, stack(0x00000059b5300000,0x00000059b5400000) (1024K)]
  0x0000016b7819c020 WorkerThread "GC Thread#0"                     [id=33476, stack(0x00000059b4e00000,0x00000059b4f00000) (1024K)]
  0x0000016b781a8b80 ConcurrentGCThread "G1 Main Marker"            [id=33480, stack(0x00000059b4f00000,0x00000059b5000000) (1024K)]
  0x0000016b781a9680 WorkerThread "G1 Conc#0"                       [id=33484, stack(0x00000059b5000000,0x00000059b5100000) (1024K)]
  0x0000016b7ef310b0 ConcurrentGCThread "G1 Refine#0"               [id=33488, stack(0x00000059b5100000,0x00000059b5200000) (1024K)]
  0x0000016b7ef31c20 ConcurrentGCThread "G1 Service"                [id=33492, stack(0x00000059b5200000,0x00000059b5300000) (1024K)]
Total: 7

Threads with active compile tasks:
Total: 0

VM state: not at safepoint (normal execution)

VM Mutex/Monitor currently owned by a thread:  ([mutex/lock_event])
[0x00007ff8037b9e18] Metaspace_lock - owner thread: 0x0000016b17567f50

Heap address: 0x00000000a2400000, size: 1500 MB, Compressed Oops mode: 32-bit

CDS archive(s) mapped at: [0x0000016b18000000-0x0000016b18c90000-0x0000016b18c90000), size 13172736, SharedBaseAddress: 0x0000016b18000000, ArchiveRelocationMode: 1.
Compressed class space mapped at: 0x0000016b19000000-0x0000016b59000000, reserved size: 1073741824
Narrow klass base: 0x0000016b18000000, Narrow klass shift: 0, Narrow klass range: 0x100000000

GC Precious Log:
 CardTable entry size: 512
 Card Set container configuration: InlinePtr #cards 5 size 8 Array Of Cards #cards 12 size 40 Howl #buckets 4 coarsen threshold 1843 Howl Bitmap #cards 512 size 80 coarsen threshold 460 Card regions per heap region 1 cards per card region 2048
 CPUs: 12 total, 12 available
 Memory: 5996M
 Large Page Support: Disabled
 NUMA Support: Disabled
 Compressed Oops: Enabled (32-bit)
 Heap Region Size: 1M
 Heap Min Capacity: 8M
 Heap Initial Capacity: 94M
 Heap Max Capacity: 1500M
 Pre-touch: Disabled
 Parallel Workers: 10
 Concurrent Workers: 3
 Concurrent Refinement Workers: 10
 Periodic GC: Disabled

Heap:
 garbage-first heap   total 96256K, used 7168K [0x00000000a2400000, 0x0000000100000000)
  region size 1024K, 8 young (8192K), 0 survivors (0K)
 Metaspace       used 4800K, committed 5056K, reserved 1114112K
  class space    used 490K, committed 640K, reserved 1048576K

Heap Regions: E=young(eden), S=young(survivor), O=old, HS=humongous(starts), HC=humongous(continues), CS=collection set, F=free, TAMS=top-at-mark-start, PB=parsable bottom
|   0|0x00000000a2400000, 0x00000000a2400000, 0x00000000a2500000|  0%| F|  |TAMS 0x00000000a2400000| PB 0x00000000a2400000| Untracked 
|   1|0x00000000a2500000, 0x00000000a2500000, 0x00000000a2600000|  0%| F|  |TAMS 0x00000000a2500000| PB 0x00000000a2500000| Untracked 
|   2|0x00000000a2600000, 0x00000000a2600000, 0x00000000a2700000|  0%| F|  |TAMS 0x00000000a2600000| PB 0x00000000a2600000| Untracked 
|   3|0x00000000a2700000, 0x00000000a2700000, 0x00000000a2800000|  0%| F|  |TAMS 0x00000000a2700000| PB 0x00000000a2700000| Untracked 
|   4|0x00000000a2800000, 0x00000000a2800000, 0x00000000a2900000|  0%| F|  |TAMS 0x00000000a2800000| PB 0x00000000a2800000| Untracked 
|   5|0x00000000a2900000, 0x00000000a2900000, 0x00000000a2a00000|  0%| F|  |TAMS 0x00000000a2900000| PB 0x00000000a2900000| Untracked 
|   6|0x00000000a2a00000, 0x00000000a2a00000, 0x00000000a2b00000|  0%| F|  |TAMS 0x00000000a2a00000| PB 0x00000000a2a00000| Untracked 
|   7|0x00000000a2b00000, 0x00000000a2b00000, 0x00000000a2c00000|  0%| F|  |TAMS 0x00000000a2b00000| PB 0x00000000a2b00000| Untracked 
|   8|0x00000000a2c00000, 0x00000000a2c00000, 0x00000000a2d00000|  0%| F|  |TAMS 0x00000000a2c00000| PB 0x00000000a2c00000| Untracked 
|   9|0x00000000a2d00000, 0x00000000a2d00000, 0x00000000a2e00000|  0%| F|  |TAMS 0x00000000a2d00000| PB 0x00000000a2d00000| Untracked 
|  10|0x00000000a2e00000, 0x00000000a2e00000, 0x00000000a2f00000|  0%| F|  |TAMS 0x00000000a2e00000| PB 0x00000000a2e00000| Untracked 
|  11|0x00000000a2f00000, 0x00000000a2f00000, 0x00000000a3000000|  0%| F|  |TAMS 0x00000000a2f00000| PB 0x00000000a2f00000| Untracked 
|  12|0x00000000a3000000, 0x00000000a3000000, 0x00000000a3100000|  0%| F|  |TAMS 0x00000000a3000000| PB 0x00000000a3000000| Untracked 
|  13|0x00000000a3100000, 0x00000000a3100000, 0x00000000a3200000|  0%| F|  |TAMS 0x00000000a3100000| PB 0x00000000a3100000| Untracked 
|  14|0x00000000a3200000, 0x00000000a3200000, 0x00000000a3300000|  0%| F|  |TAMS 0x00000000a3200000| PB 0x00000000a3200000| Untracked 
|  15|0x00000000a3300000, 0x00000000a3300000, 0x00000000a3400000|  0%| F|  |TAMS 0x00000000a3300000| PB 0x00000000a3300000| Untracked 
|  16|0x00000000a3400000, 0x00000000a3400000, 0x00000000a3500000|  0%| F|  |TAMS 0x00000000a3400000| PB 0x00000000a3400000| Untracked 
|  17|0x00000000a3500000, 0x00000000a3500000, 0x00000000a3600000|  0%| F|  |TAMS 0x00000000a3500000| PB 0x00000000a3500000| Untracked 
|  18|0x00000000a3600000, 0x00000000a3600000, 0x00000000a3700000|  0%| F|  |TAMS 0x00000000a3600000| PB 0x00000000a3600000| Untracked 
|  19|0x00000000a3700000, 0x00000000a3700000, 0x00000000a3800000|  0%| F|  |TAMS 0x00000000a3700000| PB 0x00000000a3700000| Untracked 
|  20|0x00000000a3800000, 0x00000000a3800000, 0x00000000a3900000|  0%| F|  |TAMS 0x00000000a3800000| PB 0x00000000a3800000| Untracked 
|  21|0x00000000a3900000, 0x00000000a3900000, 0x00000000a3a00000|  0%| F|  |TAMS 0x00000000a3900000| PB 0x00000000a3900000| Untracked 
|  22|0x00000000a3a00000, 0x00000000a3a00000, 0x00000000a3b00000|  0%| F|  |TAMS 0x00000000a3a00000| PB 0x00000000a3a00000| Untracked 
|  23|0x00000000a3b00000, 0x00000000a3b00000, 0x00000000a3c00000|  0%| F|  |TAMS 0x00000000a3b00000| PB 0x00000000a3b00000| Untracked 
|  24|0x00000000a3c00000, 0x00000000a3c00000, 0x00000000a3d00000|  0%| F|  |TAMS 0x00000000a3c00000| PB 0x00000000a3c00000| Untracked 
|  25|0x00000000a3d00000, 0x00000000a3d00000, 0x00000000a3e00000|  0%| F|  |TAMS 0x00000000a3d00000| PB 0x00000000a3d00000| Untracked 
|  26|0x00000000a3e00000, 0x00000000a3e00000, 0x00000000a3f00000|  0%| F|  |TAMS 0x00000000a3e00000| PB 0x00000000a3e00000| Untracked 
|  27|0x00000000a3f00000, 0x00000000a3f00000, 0x00000000a4000000|  0%| F|  |TAMS 0x00000000a3f00000| PB 0x00000000a3f00000| Untracked 
|  28|0x00000000a4000000, 0x00000000a4000000, 0x00000000a4100000|  0%| F|  |TAMS 0x00000000a4000000| PB 0x00000000a4000000| Untracked 
|  29|0x00000000a4100000, 0x00000000a4100000, 0x00000000a4200000|  0%| F|  |TAMS 0x00000000a4100000| PB 0x00000000a4100000| Untracked 
|  30|0x00000000a4200000, 0x00000000a4200000, 0x00000000a4300000|  0%| F|  |TAMS 0x00000000a4200000| PB 0x00000000a4200000| Untracked 
|  31|0x00000000a4300000, 0x00000000a4300000, 0x00000000a4400000|  0%| F|  |TAMS 0x00000000a4300000| PB 0x00000000a4300000| Untracked 
|  32|0x00000000a4400000, 0x00000000a4400000, 0x00000000a4500000|  0%| F|  |TAMS 0x00000000a4400000| PB 0x00000000a4400000| Untracked 
|  33|0x00000000a4500000, 0x00000000a4500000, 0x00000000a4600000|  0%| F|  |TAMS 0x00000000a4500000| PB 0x00000000a4500000| Untracked 
|  34|0x00000000a4600000, 0x00000000a4600000, 0x00000000a4700000|  0%| F|  |TAMS 0x00000000a4600000| PB 0x00000000a4600000| Untracked 
|  35|0x00000000a4700000, 0x00000000a4700000, 0x00000000a4800000|  0%| F|  |TAMS 0x00000000a4700000| PB 0x00000000a4700000| Untracked 
|  36|0x00000000a4800000, 0x00000000a4800000, 0x00000000a4900000|  0%| F|  |TAMS 0x00000000a4800000| PB 0x00000000a4800000| Untracked 
|  37|0x00000000a4900000, 0x00000000a4900000, 0x00000000a4a00000|  0%| F|  |TAMS 0x00000000a4900000| PB 0x00000000a4900000| Untracked 
|  38|0x00000000a4a00000, 0x00000000a4a00000, 0x00000000a4b00000|  0%| F|  |TAMS 0x00000000a4a00000| PB 0x00000000a4a00000| Untracked 
|  39|0x00000000a4b00000, 0x00000000a4b00000, 0x00000000a4c00000|  0%| F|  |TAMS 0x00000000a4b00000| PB 0x00000000a4b00000| Untracked 
|  40|0x00000000a4c00000, 0x00000000a4c00000, 0x00000000a4d00000|  0%| F|  |TAMS 0x00000000a4c00000| PB 0x00000000a4c00000| Untracked 
|  41|0x00000000a4d00000, 0x00000000a4d00000, 0x00000000a4e00000|  0%| F|  |TAMS 0x00000000a4d00000| PB 0x00000000a4d00000| Untracked 
|  42|0x00000000a4e00000, 0x00000000a4e00000, 0x00000000a4f00000|  0%| F|  |TAMS 0x00000000a4e00000| PB 0x00000000a4e00000| Untracked 
|  43|0x00000000a4f00000, 0x00000000a4f00000, 0x00000000a5000000|  0%| F|  |TAMS 0x00000000a4f00000| PB 0x00000000a4f00000| Untracked 
|  44|0x00000000a5000000, 0x00000000a5000000, 0x00000000a5100000|  0%| F|  |TAMS 0x00000000a5000000| PB 0x00000000a5000000| Untracked 
|  45|0x00000000a5100000, 0x00000000a5100000, 0x00000000a5200000|  0%| F|  |TAMS 0x00000000a5100000| PB 0x00000000a5100000| Untracked 
|  46|0x00000000a5200000, 0x00000000a5200000, 0x00000000a5300000|  0%| F|  |TAMS 0x00000000a5200000| PB 0x00000000a5200000| Untracked 
|  47|0x00000000a5300000, 0x00000000a5300000, 0x00000000a5400000|  0%| F|  |TAMS 0x00000000a5300000| PB 0x00000000a5300000| Untracked 
|  48|0x00000000a5400000, 0x00000000a5400000, 0x00000000a5500000|  0%| F|  |TAMS 0x00000000a5400000| PB 0x00000000a5400000| Untracked 
|  49|0x00000000a5500000, 0x00000000a5500000, 0x00000000a5600000|  0%| F|  |TAMS 0x00000000a5500000| PB 0x00000000a5500000| Untracked 
|  50|0x00000000a5600000, 0x00000000a5600000, 0x00000000a5700000|  0%| F|  |TAMS 0x00000000a5600000| PB 0x00000000a5600000| Untracked 
|  51|0x00000000a5700000, 0x00000000a5700000, 0x00000000a5800000|  0%| F|  |TAMS 0x00000000a5700000| PB 0x00000000a5700000| Untracked 
|  52|0x00000000a5800000, 0x00000000a5800000, 0x00000000a5900000|  0%| F|  |TAMS 0x00000000a5800000| PB 0x00000000a5800000| Untracked 
|  53|0x00000000a5900000, 0x00000000a5900000, 0x00000000a5a00000|  0%| F|  |TAMS 0x00000000a5900000| PB 0x00000000a5900000| Untracked 
|  54|0x00000000a5a00000, 0x00000000a5a00000, 0x00000000a5b00000|  0%| F|  |TAMS 0x00000000a5a00000| PB 0x00000000a5a00000| Untracked 
|  55|0x00000000a5b00000, 0x00000000a5b00000, 0x00000000a5c00000|  0%| F|  |TAMS 0x00000000a5b00000| PB 0x00000000a5b00000| Untracked 
|  56|0x00000000a5c00000, 0x00000000a5c00000, 0x00000000a5d00000|  0%| F|  |TAMS 0x00000000a5c00000| PB 0x00000000a5c00000| Untracked 
|  57|0x00000000a5d00000, 0x00000000a5d00000, 0x00000000a5e00000|  0%| F|  |TAMS 0x00000000a5d00000| PB 0x00000000a5d00000| Untracked 
|  58|0x00000000a5e00000, 0x00000000a5e00000, 0x00000000a5f00000|  0%| F|  |TAMS 0x00000000a5e00000| PB 0x00000000a5e00000| Untracked 
|  59|0x00000000a5f00000, 0x00000000a5f00000, 0x00000000a6000000|  0%| F|  |TAMS 0x00000000a5f00000| PB 0x00000000a5f00000| Untracked 
|  60|0x00000000a6000000, 0x00000000a6000000, 0x00000000a6100000|  0%| F|  |TAMS 0x00000000a6000000| PB 0x00000000a6000000| Untracked 
|  61|0x00000000a6100000, 0x00000000a6100000, 0x00000000a6200000|  0%| F|  |TAMS 0x00000000a6100000| PB 0x00000000a6100000| Untracked 
|  62|0x00000000a6200000, 0x00000000a6200000, 0x00000000a6300000|  0%| F|  |TAMS 0x00000000a6200000| PB 0x00000000a6200000| Untracked 
|  63|0x00000000a6300000, 0x00000000a6300000, 0x00000000a6400000|  0%| F|  |TAMS 0x00000000a6300000| PB 0x00000000a6300000| Untracked 
|  64|0x00000000a6400000, 0x00000000a6400000, 0x00000000a6500000|  0%| F|  |TAMS 0x00000000a6400000| PB 0x00000000a6400000| Untracked 
|  65|0x00000000a6500000, 0x00000000a6500000, 0x00000000a6600000|  0%| F|  |TAMS 0x00000000a6500000| PB 0x00000000a6500000| Untracked 
|  66|0x00000000a6600000, 0x00000000a6600000, 0x00000000a6700000|  0%| F|  |TAMS 0x00000000a6600000| PB 0x00000000a6600000| Untracked 
|  67|0x00000000a6700000, 0x00000000a6700000, 0x00000000a6800000|  0%| F|  |TAMS 0x00000000a6700000| PB 0x00000000a6700000| Untracked 
|  68|0x00000000a6800000, 0x00000000a6800000, 0x00000000a6900000|  0%| F|  |TAMS 0x00000000a6800000| PB 0x00000000a6800000| Untracked 
|  69|0x00000000a6900000, 0x00000000a6900000, 0x00000000a6a00000|  0%| F|  |TAMS 0x00000000a6900000| PB 0x00000000a6900000| Untracked 
|  70|0x00000000a6a00000, 0x00000000a6a00000, 0x00000000a6b00000|  0%| F|  |TAMS 0x00000000a6a00000| PB 0x00000000a6a00000| Untracked 
|  71|0x00000000a6b00000, 0x00000000a6b00000, 0x00000000a6c00000|  0%| F|  |TAMS 0x00000000a6b00000| PB 0x00000000a6b00000| Untracked 
|  72|0x00000000a6c00000, 0x00000000a6c00000, 0x00000000a6d00000|  0%| F|  |TAMS 0x00000000a6c00000| PB 0x00000000a6c00000| Untracked 
|  73|0x00000000a6d00000, 0x00000000a6d00000, 0x00000000a6e00000|  0%| F|  |TAMS 0x00000000a6d00000| PB 0x00000000a6d00000| Untracked 
|  74|0x00000000a6e00000, 0x00000000a6e00000, 0x00000000a6f00000|  0%| F|  |TAMS 0x00000000a6e00000| PB 0x00000000a6e00000| Untracked 
|  75|0x00000000a6f00000, 0x00000000a6f00000, 0x00000000a7000000|  0%| F|  |TAMS 0x00000000a6f00000| PB 0x00000000a6f00000| Untracked 
|  76|0x00000000a7000000, 0x00000000a7000000, 0x00000000a7100000|  0%| F|  |TAMS 0x00000000a7000000| PB 0x00000000a7000000| Untracked 
|  77|0x00000000a7100000, 0x00000000a7100000, 0x00000000a7200000|  0%| F|  |TAMS 0x00000000a7100000| PB 0x00000000a7100000| Untracked 
|  78|0x00000000a7200000, 0x00000000a7200000, 0x00000000a7300000|  0%| F|  |TAMS 0x00000000a7200000| PB 0x00000000a7200000| Untracked 
|  79|0x00000000a7300000, 0x00000000a7300000, 0x00000000a7400000|  0%| F|  |TAMS 0x00000000a7300000| PB 0x00000000a7300000| Untracked 
|  80|0x00000000a7400000, 0x00000000a7400000, 0x00000000a7500000|  0%| F|  |TAMS 0x00000000a7400000| PB 0x00000000a7400000| Untracked 
|  81|0x00000000a7500000, 0x00000000a7500000, 0x00000000a7600000|  0%| F|  |TAMS 0x00000000a7500000| PB 0x00000000a7500000| Untracked 
|  82|0x00000000a7600000, 0x00000000a7600000, 0x00000000a7700000|  0%| F|  |TAMS 0x00000000a7600000| PB 0x00000000a7600000| Untracked 
|  83|0x00000000a7700000, 0x00000000a7700000, 0x00000000a7800000|  0%| F|  |TAMS 0x00000000a7700000| PB 0x00000000a7700000| Untracked 
|  84|0x00000000a7800000, 0x00000000a7800000, 0x00000000a7900000|  0%| F|  |TAMS 0x00000000a7800000| PB 0x00000000a7800000| Untracked 
|  85|0x00000000a7900000, 0x00000000a7900000, 0x00000000a7a00000|  0%| F|  |TAMS 0x00000000a7900000| PB 0x00000000a7900000| Untracked 
|  86|0x00000000a7a00000, 0x00000000a7aed108, 0x00000000a7b00000| 92%| E|  |TAMS 0x00000000a7a00000| PB 0x00000000a7a00000| Complete 
|  87|0x00000000a7b00000, 0x00000000a7c00000, 0x00000000a7c00000|100%| E|CS|TAMS 0x00000000a7b00000| PB 0x00000000a7b00000| Complete 
|  88|0x00000000a7c00000, 0x00000000a7d00000, 0x00000000a7d00000|100%| E|CS|TAMS 0x00000000a7c00000| PB 0x00000000a7c00000| Complete 
|  89|0x00000000a7d00000, 0x00000000a7e00000, 0x00000000a7e00000|100%| E|CS|TAMS 0x00000000a7d00000| PB 0x00000000a7d00000| Complete 
|  90|0x00000000a7e00000, 0x00000000a7f00000, 0x00000000a7f00000|100%| E|CS|TAMS 0x00000000a7e00000| PB 0x00000000a7e00000| Complete 
|  91|0x00000000a7f00000, 0x00000000a8000000, 0x00000000a8000000|100%| E|CS|TAMS 0x00000000a7f00000| PB 0x00000000a7f00000| Complete 
|  92|0x00000000a8000000, 0x00000000a8100000, 0x00000000a8100000|100%| E|CS|TAMS 0x00000000a8000000| PB 0x00000000a8000000| Complete 
|  93|0x00000000a8100000, 0x00000000a8200000, 0x00000000a8200000|100%| E|CS|TAMS 0x00000000a8100000| PB 0x00000000a8100000| Complete 

Card table byte_map: [0x0000016b7a9a0000,0x0000016b7ac90000] _byte_map_base: 0x0000016b7a48e000

Marking Bits: (CMBitMap*) 0x0000016b7819c720
 Bits: [0x0000016b7ac90000, 0x0000016b7c400000)

Polling page: 0x0000016b78220000

Metaspace:

Usage:
  Non-class:      4.21 MB used.
      Class:    490.69 KB used.
       Both:      4.69 MB used.

Virtual space:
  Non-class space:       64.00 MB reserved,       4.31 MB (  7%) committed,  1 nodes.
      Class space:        1.00 GB reserved,     640.00 KB ( <1%) committed,  1 nodes.
             Both:        1.06 GB reserved,       4.94 MB ( <1%) committed. 

Chunk freelists:
   Non-Class:  10.87 MB
       Class:  15.24 MB
        Both:  26.12 MB

MaxMetaspaceSize: unlimited
CompressedClassSpaceSize: 1.00 GB
Initial GC threshold: 21.00 MB
Current GC threshold: 21.00 MB
CDS: on
 - commit_granule_bytes: 65536.
 - commit_granule_words: 8192.
 - virtual_space_node_default_size: 8388608.
 - enlarge_chunks_in_place: 1.
 - use_allocation_guard: 0.


Internal statistics:

num_allocs_failed_limit: 0.
num_arena_births: 126.
num_arena_deaths: 0.
num_vsnodes_births: 2.
num_vsnodes_deaths: 0.
num_space_committed: 79.
num_space_uncommitted: 0.
num_chunks_returned_to_freelist: 0.
num_chunks_taken_from_freelist: 148.
num_chunk_merges: 0.
num_chunk_splits: 92.
num_chunks_enlarged: 41.
num_inconsistent_stats: 0.

CodeHeap 'non-profiled nmethods': size=120000Kb used=231Kb max_used=231Kb free=119768Kb
 bounds [0x0000016b0fe90000, 0x0000016b10100000, 0x0000016b173c0000]
CodeHeap 'profiled nmethods': size=120000Kb used=1109Kb max_used=1109Kb free=118890Kb
 bounds [0x0000016b083c0000, 0x0000016b08630000, 0x0000016b0f8f0000]
CodeHeap 'non-nmethods': size=5760Kb used=1448Kb max_used=1463Kb free=4311Kb
 bounds [0x0000016b0f8f0000, 0x0000016b0fb60000, 0x0000016b0fe90000]
 total_blobs=1278 nmethods=744 adapters=439
 compilation: enabled
              stopped_count=0, restarted_count=0
 full_count=0

Compilation events (20 events):
Event: 0.363 Thread 0x0000016b7f0a05c0  723       3       sun.util.locale.LanguageTag::getExtensions (24 bytes)
Event: 0.363 Thread 0x0000016b7f0a05c0 nmethod 723 0x0000016b084d0790 code [0x0000016b084d0960, 0x0000016b084d0c40]
Event: 0.363 Thread 0x0000016b7f0a05c0  710       3       sun.util.locale.LanguageTag::isRegion (36 bytes)
Event: 0.364 Thread 0x0000016b7f0a05c0 nmethod 710 0x0000016b084d0d90 code [0x0000016b084d1080, 0x0000016b084d23b8]
Event: 0.364 Thread 0x0000016b7f0a05c0  733       3       java.lang.Class::cast (27 bytes)
Event: 0.364 Thread 0x0000016b7f0a05c0 nmethod 733 0x0000016b084d2a90 code [0x0000016b084d2c60, 0x0000016b084d2f10]
Event: 0.364 Thread 0x0000016b7f0a05c0  734       3       java.lang.invoke.Invokers$Holder::linkToTargetMethod (8 bytes)
Event: 0.364 Thread 0x0000016b7f0a05c0 nmethod 734 0x0000016b084d3010 code [0x0000016b084d31c0, 0x0000016b084d34c0]
Event: 0.364 Thread 0x0000016b7f0a05c0  735       3       java.lang.StringUTF16::getChar (60 bytes)
Event: 0.364 Thread 0x0000016b7f0a05c0 nmethod 735 0x0000016b084d3590 code [0x0000016b084d3720, 0x0000016b084d3890]
Event: 0.368 Thread 0x0000016b7f0a05c0  738       3       sun.invoke.util.Wrapper::isDoubleWord (15 bytes)
Event: 0.368 Thread 0x0000016b7f0a05c0 nmethod 738 0x0000016b084d3990 code [0x0000016b084d3b20, 0x0000016b084d3c88]
Event: 0.368 Thread 0x0000016b7f0a05c0  740       3       jdk.internal.org.objectweb.asm.SymbolTable::addTypeInternal (85 bytes)
Event: 0.369 Thread 0x0000016b7f0a05c0 nmethod 740 0x0000016b084d3d10 code [0x0000016b084d3f00, 0x0000016b084d4528]
Event: 0.369 Thread 0x0000016b7f0a05c0  743       3       jdk.internal.org.objectweb.asm.Type::getDescriptor (93 bytes)
Event: 0.369 Thread 0x0000016b7f0a05c0 nmethod 743 0x0000016b084d4710 code [0x0000016b084d4960, 0x0000016b084d5058]
Event: 0.369 Thread 0x0000016b7f0a05c0  744       3       jdk.internal.org.objectweb.asm.MethodWriter::visitAbstractType (8 bytes)
Event: 0.369 Thread 0x0000016b7f0a05c0 nmethod 744 0x0000016b084d5310 code [0x0000016b084d54a0, 0x0000016b084d55d8]
Event: 0.369 Thread 0x0000016b7f09dfa0 nmethod 729 0x0000016b0fec7810 code [0x0000016b0fec7a20, 0x0000016b0fec8370]
Event: 0.369 Thread 0x0000016b7f09dfa0  730       4       java.util.ImmutableCollections$SetN::probe (56 bytes)

GC Heap History (0 events):
No events

Dll operation events (8 events):
Event: 0.006 Loaded shared library C:\Program Files\Java\jdk-21\bin\java.dll
Event: 0.042 Loaded shared library C:\Program Files\Java\jdk-21\bin\jsvml.dll
Event: 0.067 Loaded shared library C:\Program Files\Java\jdk-21\bin\net.dll
Event: 0.068 Loaded shared library C:\Program Files\Java\jdk-21\bin\nio.dll
Event: 0.087 Loaded shared library C:\Program Files\Java\jdk-21\bin\zip.dll
Event: 0.098 Loaded shared library C:\Program Files\Java\jdk-21\bin\jimage.dll
Event: 0.109 Loaded shared library C:\Program Files\Java\jdk-21\bin\awt.dll
Event: 0.367 Loaded shared library C:\Program Files\Java\jdk-21\bin\javajpeg.dll

Deoptimization events (4 events):
Event: 0.277 Thread 0x0000016b781598f0 Uncommon trap: trap_request=0xffffff45 fr.pc=0x0000016b0fea1714 relative=0x0000000000000954
Event: 0.277 Thread 0x0000016b781598f0 Uncommon trap: reason=unstable_if action=reinterpret pc=0x0000016b0fea1714 method=java.util.HashMap.putVal(ILjava/lang/Object;Ljava/lang/Object;ZZ)Ljava/lang/Object; @ 236 c2
Event: 0.277 Thread 0x0000016b781598f0 DEOPT PACKING pc=0x0000016b0fea1714 sp=0x00000059b4dfe050
Event: 0.277 Thread 0x0000016b781598f0 DEOPT UNPACKING pc=0x0000016b0f9446a2 sp=0x00000059b4dfdff8 mode 2

Classes loaded (20 events):
Event: 0.362 Loading class java/lang/invoke/MethodHandle$1
Event: 0.363 Loading class java/lang/invoke/MethodHandle$1 done
Event: 0.366 Loading class sun/awt/image/JPEGImageDecoder
Event: 0.366 Loading class sun/awt/image/ImageDecoder
Event: 0.366 Loading class sun/awt/image/ImageDecoder done
Event: 0.366 Loading class sun/awt/image/JPEGImageDecoder done
Event: 0.366 Loading class sun/awt/image/JPEGImageDecoder$1
Event: 0.366 Loading class sun/awt/image/JPEGImageDecoder$1 done
Event: 0.369 Loading class java/awt/image/Raster
Event: 0.369 Loading class java/awt/image/Raster done
Event: 0.369 Loading class java/awt/image/DataBufferInt
Event: 0.370 Loading class java/awt/image/DataBuffer
Event: 0.370 Loading class java/awt/image/DataBuffer done
Event: 0.370 Loading class java/awt/image/DataBufferInt done
Event: 0.370 Loading class java/awt/image/DataBuffer$1
Event: 0.370 Loading class sun/awt/image/SunWritableRaster$DataStealer
Event: 0.370 Loading class sun/awt/image/SunWritableRaster$DataStealer done
Event: 0.370 Loading class java/awt/image/DataBuffer$1 done
Event: 0.370 Loading class sun/awt/image/SunWritableRaster
Event: 0.370 Loading class java/awt/image/WritableRaster

Classes unloaded (0 events):
No events

Classes redefined (0 events):
No events

Internal exceptions (13 events):
Event: 0.069 Thread 0x0000016b781598f0 Exception <a 'sun/nio/fs/WindowsException'{0x00000000a8047640}> (0x00000000a8047640) 
thrown [s\open\src\hotspot\share\prims\jni.cpp, line 520]
Event: 0.071 Thread 0x0000016b781598f0 Exception <a 'sun/nio/fs/WindowsException'{0x00000000a8049ca8}> (0x00000000a8049ca8) 
thrown [s\open\src\hotspot\share\prims\jni.cpp, line 520]
Event: 0.071 Thread 0x0000016b781598f0 Exception <a 'sun/nio/fs/WindowsException'{0x00000000a804a7b8}> (0x00000000a804a7b8) 
thrown [s\open\src\hotspot\share\prims\jni.cpp, line 520]
Event: 0.102 Thread 0x0000016b781598f0 Exception <a 'java/lang/ClassNotFoundException'{0x00000000a7f877c0}: sun/awt/resources/spi/awtProvider> (0x00000000a7f877c0) 
thrown [s\open\src\hotspot\share\classfile\systemDictionary.cpp, line 312]
Event: 0.119 Thread 0x0000016b781598f0 Exception <a 'java/io/FileNotFoundException'{0x00000000a7fdcb28}> (0x00000000a7fdcb28) 
thrown [s\open\src\hotspot\share\prims\jni.cpp, line 520]
Event: 0.123 Thread 0x0000016b781598f0 Exception <a 'java/io/FileNotFoundException'{0x00000000a7e074a0}> (0x00000000a7e074a0) 
thrown [s\open\src\hotspot\share\prims\jni.cpp, line 520]
Event: 0.281 Thread 0x0000016b781598f0 Exception <a 'java/lang/NoSuchMethodError'{0x00000000a7d27c00}: 'void java.lang.invoke.DirectMethodHandle$Holder.invokeSpecial(java.lang.Object, java.lang.Object, java.lang.Object)'> (0x00000000a7d27c00) 
thrown [s\open\src\hotspot\share\interpreter\linkResolver.cpp, line 773]
Event: 0.290 Thread 0x0000016b781598f0 Exception <a 'java/lang/NoSuchMethodError'{0x00000000a7d4d820}: 'java.lang.Object java.lang.invoke.DirectMethodHandle$Holder.newInvokeSpecial(java.lang.Object, java.lang.Object, java.lang.Object, java.lang.Object, java.lang.Object)'> (0x00000000a7d4d820) 
thrown [s\open\src\hotspot\share\interpreter\linkResolver.cpp, line 773]
Event: 0.294 Thread 0x0000016b781598f0 Exception <a 'java/lang/NoSuchMethodError'{0x00000000a7def390}: 'java.lang.Object java.lang.invoke.DirectMethodHandle$Holder.invokeStatic(java.lang.Object, int, java.lang.Object)'> (0x00000000a7def390) 
thrown [s\open\src\hotspot\share\interpreter\linkResolver.cpp, line 773]
Event: 0.309 Thread 0x0000016b781598f0 Exception <a 'java/lang/ClassNotFoundException'{0x00000000a7c8f2c8}: com/sun/swing/internal/plaf/metal/resources/spi/metalProvider> (0x00000000a7c8f2c8) 
thrown [s\open\src\hotspot\share\classfile\systemDictionary.cpp, line 312]
Event: 0.310 Thread 0x0000016b781598f0 Exception <a 'java/lang/ClassNotFoundException'{0x00000000a7c93248}: com/sun/swing/internal/plaf/basic/resources/spi/basicProvider> (0x00000000a7c93248) 
thrown [s\open\src\hotspot\share\classfile\systemDictionary.cpp, line 312]
Event: 0.320 Thread 0x0000016b781598f0 Exception <a 'java/lang/NoSuchMethodError'{0x00000000a7cb26e0}: 'int java.lang.invoke.Invokers$Holder.invokeExact_MT(java.lang.Object, java.lang.Object)'> (0x00000000a7cb26e0) 
thrown [s\open\src\hotspot\share\interpreter\linkResolver.cpp, line 773]
Event: 0.368 Thread 0x0000016b17567f50 Exception <a 'java/lang/NoSuchMethodError'{0x00000000a7a90a40}: 'java.lang.Object java.lang.invoke.DirectMethodHandle$Holder.newInvokeSpecial(java.lang.Object, java.lang.Object, java.lang.Object, int, int, int, int, int)'> (0x00000000a7a90a40) 
thrown [s\open\src\hotspot\share\interpreter\linkResolver.cpp, line 773]

ZGC Phase Switch (0 events):
No events

VM Operations (6 events):
Event: 0.072 Executing VM operation: HandshakeAllThreads (Deoptimize)
Event: 0.072 Executing VM operation: HandshakeAllThreads (Deoptimize) done
Event: 0.130 Executing VM operation: HandshakeAllThreads (Deoptimize)
Event: 0.130 Executing VM operation: HandshakeAllThreads (Deoptimize) done
Event: 0.357 Executing VM operation: HandshakeAllThreads (Deoptimize)
Event: 0.357 Executing VM operation: HandshakeAllThreads (Deoptimize) done

Events (15 events):
Event: 0.030 Thread 0x0000016b781598f0 Thread added: 0x0000016b781598f0
Event: 0.040 Thread 0x0000016b7f084980 Thread added: 0x0000016b7f084980
Event: 0.040 Thread 0x0000016b7f0864e0 Thread added: 0x0000016b7f0864e0
Event: 0.040 Thread 0x0000016b7f088a80 Thread added: 0x0000016b7f088a80
Event: 0.040 Thread 0x0000016b7f08c850 Thread added: 0x0000016b7f08c850
Event: 0.041 Thread 0x0000016b7f08d2a0 Thread added: 0x0000016b7f08d2a0
Event: 0.041 Thread 0x0000016b7f095d00 Thread added: 0x0000016b7f095d00
Event: 0.041 Thread 0x0000016b7f09dfa0 Thread added: 0x0000016b7f09dfa0
Event: 0.041 Thread 0x0000016b7f0a05c0 Thread added: 0x0000016b7f0a05c0
Event: 0.057 Thread 0x0000016b175678c0 Thread added: 0x0000016b175678c0
Event: 0.082 Thread 0x0000016b17569990 Thread added: 0x0000016b17569990
Event: 0.161 Thread 0x0000016b17566510 Thread added: 0x0000016b17566510
Event: 0.166 Thread 0x0000016b17569300 Thread added: 0x0000016b17569300
Event: 0.168 Thread 0x0000016b17568c70 Thread added: 0x0000016b17568c70
Event: 0.325 Thread 0x0000016b17567f50 Thread added: 0x0000016b17567f50


Dynamic libraries:
0x00007ff708f20000 - 0x00007ff708f30000 	C:\Program Files\Java\jdk-21\bin\java.exe
0x00007ff894b70000 - 0x00007ff894d87000 	C:\WINDOWS\SYSTEM32\ntdll.dll
0x00007ff893510000 - 0x00007ff8935d4000 	C:\WINDOWS\System32\KERNEL32.DLL
0x00007ff8923e0000 - 0x00007ff8927b0000 	C:\WINDOWS\System32\KERNELBASE.dll
0x00007ff8922c0000 - 0x00007ff8923d1000 	C:\WINDOWS\System32\ucrtbase.dll
0x00007ff85f660000 - 0x00007ff85f679000 	C:\Program Files\Java\jdk-21\bin\jli.dll
0x00007ff87bf50000 - 0x00007ff87bf6b000 	C:\Program Files\Java\jdk-21\bin\VCRUNTIME140.dll
0x00007ff894900000 - 0x00007ff8949b1000 	C:\WINDOWS\System32\ADVAPI32.dll
0x00007ff892ac0000 - 0x00007ff892b67000 	C:\WINDOWS\System32\msvcrt.dll
0x00007ff894570000 - 0x00007ff894617000 	C:\WINDOWS\System32\sechost.dll
0x00007ff891f80000 - 0x00007ff891fa8000 	C:\WINDOWS\System32\bcrypt.dll
0x00007ff892b70000 - 0x00007ff892c84000 	C:\WINDOWS\System32\RPCRT4.dll
0x00007ff892ca0000 - 0x00007ff892e4e000 	C:\WINDOWS\System32\USER32.dll
0x00007ff892830000 - 0x00007ff892856000 	C:\WINDOWS\System32\win32u.dll
0x00007ff881080000 - 0x00007ff881312000 	C:\WINDOWS\WinSxS\amd64_microsoft.windows.common-controls_6595b64144ccf1df_6.0.22621.4830_none_270fe7d773858e80\COMCTL32.dll
0x00007ff894620000 - 0x00007ff894649000 	C:\WINDOWS\System32\GDI32.dll
0x00007ff891fb0000 - 0x00007ff8920cb000 	C:\WINDOWS\System32\gdi32full.dll
0x00007ff891e20000 - 0x00007ff891eba000 	C:\WINDOWS\System32\msvcp_win.dll
0x00007ff888880000 - 0x00007ff88888a000 	C:\WINDOWS\SYSTEM32\VERSION.dll
0x00007ff8928b0000 - 0x00007ff8928e1000 	C:\WINDOWS\System32\IMM32.DLL
0x00007ff88d940000 - 0x00007ff88d94c000 	C:\Program Files\Java\jdk-21\bin\vcruntime140_1.dll
0x00007ff82e440000 - 0x00007ff82e4ce000 	C:\Program Files\Java\jdk-21\bin\msvcp140.dll
0x00007ff802b80000 - 0x00007ff803898000 	C:\Program Files\Java\jdk-21\bin\server\jvm.dll
0x00007ff894810000 - 0x00007ff894881000 	C:\WINDOWS\System32\WS2_32.dll
0x00007ff891cf0000 - 0x00007ff891d3d000 	C:\WINDOWS\SYSTEM32\POWRPROF.dll
0x00007ff88a0e0000 - 0x00007ff88a114000 	C:\WINDOWS\SYSTEM32\WINMM.dll
0x00007ff891cd0000 - 0x00007ff891ce3000 	C:\WINDOWS\SYSTEM32\UMPDC.dll
0x00007ff890dc0000 - 0x00007ff890dd8000 	C:\WINDOWS\SYSTEM32\kernel.appcore.dll
0x00007ff88d860000 - 0x00007ff88d86a000 	C:\Program Files\Java\jdk-21\bin\jimage.dll
0x00007ff88f830000 - 0x00007ff88fa62000 	C:\WINDOWS\SYSTEM32\DBGHELP.DLL
0x00007ff892eb0000 - 0x00007ff893240000 	C:\WINDOWS\System32\combase.dll
0x00007ff894470000 - 0x00007ff894547000 	C:\WINDOWS\System32\OLEAUT32.dll
0x00007ff87b030000 - 0x00007ff87b062000 	C:\WINDOWS\SYSTEM32\dbgcore.DLL
0x00007ff892240000 - 0x00007ff8922bb000 	C:\WINDOWS\System32\bcryptPrimitives.dll
0x00007ff87a840000 - 0x00007ff87a85f000 	C:\Program Files\Java\jdk-21\bin\java.dll
0x00007ff893bf0000 - 0x00007ff894468000 	C:\WINDOWS\System32\SHELL32.dll
0x00007ff88fd70000 - 0x00007ff890680000 	C:\WINDOWS\SYSTEM32\windows.storage.dll
0x00007ff88fc30000 - 0x00007ff88fd6f000 	C:\WINDOWS\SYSTEM32\wintypes.dll
0x00007ff8929a0000 - 0x00007ff892aaa000 	C:\WINDOWS\System32\SHCORE.dll
0x00007ff892e50000 - 0x00007ff892eae000 	C:\WINDOWS\System32\shlwapi.dll
0x00007ff891d50000 - 0x00007ff891d7b000 	C:\WINDOWS\SYSTEM32\profapi.dll
0x00007ff822890000 - 0x00007ff822967000 	C:\Program Files\Java\jdk-21\bin\jsvml.dll
0x00007ff88d700000 - 0x00007ff88d710000 	C:\Program Files\Java\jdk-21\bin\net.dll
0x00007ff88c900000 - 0x00007ff88ca2c000 	C:\WINDOWS\SYSTEM32\WINHTTP.dll
0x00007ff8912e0000 - 0x00007ff89134a000 	C:\WINDOWS\system32\mswsock.dll
0x00007ff878d10000 - 0x00007ff878d26000 	C:\Program Files\Java\jdk-21\bin\nio.dll
0x00007ff86bf10000 - 0x00007ff86bf28000 	C:\Program Files\Java\jdk-21\bin\zip.dll
0x00007ff8206f0000 - 0x00007ff82087f000 	C:\Program Files\Java\jdk-21\bin\awt.dll
0x00007ff88c520000 - 0x00007ff88c5b7000 	C:\WINDOWS\SYSTEM32\apphelp.dll
0x00007ff88f240000 - 0x00007ff88f26b000 	C:\WINDOWS\system32\DWMAPI.DLL
0x00007ff88ee00000 - 0x00007ff88eeb1000 	C:\WINDOWS\system32\uxtheme.dll
0x00007ff8219e0000 - 0x00007ff821ae0000 	C:\WINDOWS\system32\opengl32.dll
0x00007ff868a10000 - 0x00007ff868a3d000 	C:\WINDOWS\SYSTEM32\GLU32.dll
0x00007ff88f0e0000 - 0x00007ff88f117000 	C:\WINDOWS\SYSTEM32\dxcore.dll
0x00007ff84c610000 - 0x00007ff84c743000 	C:\ProgramData\A-Volute\A-Volute.Nahimic\Modules\Scheduled\x64\AudioDevProps2.dll
0x00007ff894660000 - 0x00007ff894801000 	C:\WINDOWS\System32\ole32.dll
0x00007ff8949d0000 - 0x00007ff894b2f000 	C:\WINDOWS\System32\MSCTF.dll
0x00007ff87fa70000 - 0x00007ff87fc18000 	C:\WINDOWS\system32\d3d9.dll
0x00007ff886820000 - 0x00007ff8869db000 	C:\WINDOWS\System32\DriverStore\FileRepository\u0408248.inf_amd64_d3cd2acdd8a04cc7\B408049\aticfx64.dll
0x00007ff880090000 - 0x00007ff8800c4000 	C:\WINDOWS\System32\DriverStore\FileRepository\u0408248.inf_amd64_d3cd2acdd8a04cc7\B408049\atiu9p64.dll
0x00007ff82ba40000 - 0x00007ff82c787000 	C:\WINDOWS\System32\DriverStore\FileRepository\u0408248.inf_amd64_d3cd2acdd8a04cc7\B408049\atiumd64.dll
0x00007ff8867a0000 - 0x00007ff8867d5000 	C:\WINDOWS\SYSTEM32\amdihk64.dll
0x00007ff889b70000 - 0x00007ff889bb9000 	C:\WINDOWS\SYSTEM32\directxdatabasehelper.dll
0x00007ff85c9f0000 - 0x00007ff85ca1e000 	C:\Program Files\Java\jdk-21\bin\javajpeg.dll

dbghelp: loaded successfully - version: 4.0.5 - missing functions: none
symbol engine: initialized successfully - sym options: 0x614 - pdb path: .;C:\Program Files\Java\jdk-21\bin;C:\WINDOWS\SYSTEM32;C:\WINDOWS\WinSxS\amd64_microsoft.windows.common-controls_6595b64144ccf1df_6.0.22621.4830_none_270fe7d773858e80;C:\Program Files\Java\jdk-21\bin\server;C:\ProgramData\A-Volute\A-Volute.Nahimic\Modules\Scheduled\x64;C:\WINDOWS\System32\DriverStore\FileRepository\u0408248.inf_amd64_d3cd2acdd8a04cc7\B408049

VM Arguments:
jvm_args: -Dfile.encoding=UTF-8 --module-path=C:\Users\tejas\OneDrive\Documents\NetBeansProjects\Travel System\build\classes 
java_command: travel.system.Dashboard
java_class_path (initial): C:\Users\tejas\Downloads\AppIcons.zip;C:\Users\tejas\Downloads\mysql-connector-java-8.0.28.jar;C:\Users\tejas\OneDrive\Documents\NetBeansProjects\Travel System\build\classes
Launcher Type: SUN_STANDARD

[Global flags]
     intx CICompilerCount                          = 4                                         {product} {ergonomic}
     uint ConcGCThreads                            = 3                                         {product} {ergonomic}
     uint G1ConcRefinementThreads                  = 10                                        {product} {ergonomic}
   size_t G1HeapRegionSize                         = 1048576                                   {product} {ergonomic}
    uintx GCDrainStackTargetSize                   = 64                                        {product} {ergonomic}
   size_t InitialHeapSize                          = 98566144                                  {product} {ergonomic}
   size_t MarkStackSize                            = 4194304                                   {product} {ergonomic}
   size_t MaxHeapSize                              = 1572864000                                {product} {ergonomic}
   size_t MaxNewSize                               = 943718400                                 {product} {ergonomic}
   size_t MinHeapDeltaBytes                        = 1048576                                   {product} {ergonomic}
   size_t MinHeapSize                              = 8388608                                   {product} {ergonomic}
    uintx NonNMethodCodeHeapSize                   = 5839372                                {pd product} {ergonomic}
    uintx NonProfiledCodeHeapSize                  = 122909434                              {pd product} {ergonomic}
    uintx ProfiledCodeHeapSize                     = 122909434                              {pd product} {ergonomic}
    uintx ReservedCodeCacheSize                    = 251658240                              {pd product} {ergonomic}
     bool SegmentedCodeCache                       = true                                      {product} {ergonomic}
   size_t SoftMaxHeapSize                          = 1572864000                             {manageable} {ergonomic}
     bool UseCompressedOops                        = true                           {product lp64_product} {ergonomic}
     bool UseG1GC                                  = true                                      {product} {ergonomic}
     bool UseLargePagesIndividualAllocation        = false                                  {pd product} {ergonomic}

Logging:
Log output configuration:
 #0: stdout all=warning uptime,level,tags foldmultilines=false
 #1: stderr all=off uptime,level,tags foldmultilines=false

Environment Variables:
PATH=C:\Program Files\Common Files\Oracle\Java\javapath;C:\ProgramData\Oracle\Java\javapath;C:\Windows\system32;C:\Windows;C:\Windows\System32\Wbem;C:\Windows\System32\WindowsPowerShell\v1.0\;C:\Windows\System32\OpenSSH\;C:\Program Files (x86)\NVIDIA Corporation\PhysX\Common;C:\Program Files\NVIDIA Corporation\NVIDIA NvDLISR;C:\WINDOWS\system32;C:\WINDOWS;C:\WINDOWS\System32\Wbem;C:\WINDOWS\System32\WindowsPowerShell\v1.0\;C:\WINDOWS\System32\OpenSSH\;C:\Program Files\Cloudflare\Cloudflare WARP\;C:\Program Files\nodejs\;C:\Program Files\Git\cmd;C:\Program Files\MongoDB\mongosh-2.3.1-win32-x64\bin;C:\Program Files\Java\jdk-21\bin;C:\Program Files\MySQL\MySQL Shell 8.0\bin\;C:\Users\tejas\AppData\Local\Microsoft\WindowsApps;C:\Users\tejas\AppData\Local\Programs\Microsoft VS Code\bin;C:\Users\tejas\AppData\Roaming\npm;C:\Users\tejas\AppData\Local\GitHubDesktop\bin
USERNAME=tejas
OS=Windows_NT
PROCESSOR_IDENTIFIER=AMD64 Family 25 Model 80 Stepping 0, AuthenticAMD
TMP=C:\Users\tejas\AppData\Local\Temp
TEMP=C:\Users\tejas\AppData\Local\Temp




Periodic native trim disabled

---------------  S Y S T E M  ---------------

OS:
 Windows 11 , 64 bit Build 22621 (10.0.22621.4830)
OS uptime: 17 days 15:10 hours

CPU: total 12 (initial active 12) (12 cores per cpu, 2 threads per core) family 25 model 80 stepping 0 microcode 0x0, cx8, cmov, fxsr, ht, mmx, 3dnowpref, sse, sse2, sse3, ssse3, sse4a, sse4.1, sse4.2, popcnt, lzcnt, tsc, tscinvbit, avx, avx2, aes, erms, clmul, bmi1, bmi2, adx, sha, fma, vzeroupper, clflush, clflushopt, rdtscp, rdpid, fsrm, f16c, pku, cet_ss
Processor Information for all 12 processors :
  Max Mhz: 3301, Current Mhz: 3301, Mhz Limit: 3301

Memory: 4k page, system-wide physical 5996M (347M free)
TotalPageFile size 30572M (AvailPageFile size 0M)
current process WorkingSet (physical memory assigned to process): 57M, peak: 57M
current process commit charge ("private bytes"): 188M, peak: 192M

vm_info: Java HotSpot(TM) 64-Bit Server VM (21.0.5+9-LTS-239) for windows-amd64 JRE (21.0.5+9-LTS-239), built on 2024-09-30T05:17:38Z by "mach5one" with MS VC++ 17.6 (VS2022)

END.
