#
# There is insufficient memory for the Java Runtime Environment to continue.
# Native memory allocation (malloc) failed to allocate 916656 bytes for Chunk::new
# Possible reasons:
#   The system is out of physical RAM or swap space
#   The process is running with CompressedOops enabled, and the Java Heap may be blocking the growth of the native heap
# Possible solutions:
#   Reduce memory load on the system
#   Increase physical memory or swap space
#   Check if swap backing store is full
#   Decrease Java heap size (-Xmx/-Xms)
#   Decrease number of Java threads
#   Decrease Java thread stack sizes (-Xss)
#   Set larger code cache with -XX:ReservedCodeCacheSize=
#   JVM is running with Unscaled Compressed Oops mode in which the Java heap is
#     placed in the first 4GB address space. The Java Heap base address is the
#     maximum limit for the native heap growth. Please use -XX:HeapBaseMinAddress
#     to set the Java Heap base and to place the Java Heap above 4GB virtual address.
# This output file may be truncated or incomplete.
#
#  Out of Memory Error (arena.cpp:168), pid=28296, tid=31396
#
# JRE version: Java(TM) SE Runtime Environment (21.0.5+9) (build 21.0.5+9-LTS-239)
# Java VM: Java HotSpot(TM) 64-Bit Server VM (21.0.5+9-LTS-239, mixed mode, sharing, tiered, compressed oops, compressed class ptrs, g1 gc, windows-amd64)
# No core dump will be written. Minidumps are not enabled by default on client versions of Windows
#

---------------  S U M M A R Y ------------

Command Line: -Dfile.encoding=UTF-8 --module-path=C:\Users\tejas\OneDrive\Documents\NetBeansProjects\Travel System\build\classes travel.system.Splashscreen

Host: AMD Ryzen 5 5600H with Radeon Graphics         , 12 cores, 5G,  Windows 11 , 64 bit Build 22621 (10.0.22621.4830)
Time: Sat Mar 22 05:29:20 2025 India Standard Time elapsed time: 23.243683 seconds (0d 0h 0m 23s)

---------------  T H R E A D  ---------------

Current thread (0x0000027cf20a8e10):  JavaThread "C2 CompilerThread0" daemon [_thread_in_native, id=31396, stack(0x000000aeedf00000,0x000000aeee000000) (1024K)]


Current CompileTask:
C2:  23243 2661       4       sun.security.ec.ECOperations::setDouble (463 bytes)

Stack: [0x000000aeedf00000,0x000000aeee000000]
Native frames: (J=compiled Java code, j=interpreted, Vv=VM code, C=native code)
V  [jvm.dll+0x6ca289]
V  [jvm.dll+0x854a51]
V  [jvm.dll+0x856f7e]
V  [jvm.dll+0x857653]
V  [jvm.dll+0x27dd26]
V  [jvm.dll+0xc4c2d]
V  [jvm.dll+0xc5163]
V  [jvm.dll+0x2f0ccd]
V  [jvm.dll+0x5f4ffa]
V  [jvm.dll+0x24f882]
V  [jvm.dll+0x24fc3f]
V  [jvm.dll+0x248754]
V  [jvm.dll+0x245de4]
V  [jvm.dll+0x1c6d0e]
V  [jvm.dll+0x2554d9]
V  [jvm.dll+0x253a6a]
V  [jvm.dll+0x3ee136]
V  [jvm.dll+0x7fee9b]
V  [jvm.dll+0x6c896d]
C  [ucrtbase.dll+0x29333]
C  [KERNEL32.DLL+0x1259d]
C  [ntdll.dll+0x5af38]


---------------  P R O C E S S  ---------------

Threads class SMR info:
_java_thread_list=0x0000027cfe688990, length=20, elements={
0x0000027cf20977a0, 0x0000027cf2099400, 0x0000027cf209af90, 0x0000027cf209dd50,
0x0000027cf209ef40, 0x0000027cf20a2140, 0x0000027cf20a8e10, 0x0000027cf20ad8b0,
0x0000027cf20683b0, 0x0000027cf2349bf0, 0x0000027cf24b1900, 0x0000027cf24bfe70,
0x0000027cf24c4fa0, 0x0000027cfbec2120, 0x0000027cd3d890e0, 0x0000027cf2282170,
0x0000027cfe6f92e0, 0x0000027cfc099b00, 0x0000027cfc098750, 0x0000027cfe57f790
}

Java Threads: ( => current thread )
  0x0000027cf20977a0 JavaThread "Reference Handler"          daemon [_thread_blocked, id=32268, stack(0x000000aeed900000,0x000000aeeda00000) (1024K)]
  0x0000027cf2099400 JavaThread "Finalizer"                  daemon [_thread_blocked, id=32312, stack(0x000000aeeda00000,0x000000aeedb00000) (1024K)]
  0x0000027cf209af90 JavaThread "Signal Dispatcher"          daemon [_thread_blocked, id=30572, stack(0x000000aeedb00000,0x000000aeedc00000) (1024K)]
  0x0000027cf209dd50 JavaThread "Attach Listener"            daemon [_thread_blocked, id=10780, stack(0x000000aeedc00000,0x000000aeedd00000) (1024K)]
  0x0000027cf209ef40 JavaThread "Service Thread"             daemon [_thread_blocked, id=32720, stack(0x000000aeedd00000,0x000000aeede00000) (1024K)]
  0x0000027cf20a2140 JavaThread "Monitor Deflation Thread"   daemon [_thread_blocked, id=32732, stack(0x000000aeede00000,0x000000aeedf00000) (1024K)]
=>0x0000027cf20a8e10 JavaThread "C2 CompilerThread0"         daemon [_thread_in_native, id=31396, stack(0x000000aeedf00000,0x000000aeee000000) (1024K)]
  0x0000027cf20ad8b0 JavaThread "C1 CompilerThread0"         daemon [_thread_blocked, id=16904, stack(0x000000aeee000000,0x000000aeee100000) (1024K)]
  0x0000027cf20683b0 JavaThread "Common-Cleaner"             daemon [_thread_blocked, id=30772, stack(0x000000aeee100000,0x000000aeee200000) (1024K)]
  0x0000027cf2349bf0 JavaThread "Notification Thread"        daemon [_thread_blocked, id=29640, stack(0x000000aeee200000,0x000000aeee300000) (1024K)]
  0x0000027cf24b1900 JavaThread "Java2D Disposer"            daemon [_thread_blocked, id=32600, stack(0x000000aeee400000,0x000000aeee500000) (1024K)]
  0x0000027cf24bfe70 JavaThread "AWT-Shutdown"                      [_thread_blocked, id=32624, stack(0x000000aeee500000,0x000000aeee600000) (1024K)]
  0x0000027cf24c4fa0 JavaThread "AWT-Windows"                daemon [_thread_in_native, id=32656, stack(0x000000aeee600000,0x000000aeee700000) (1024K)]
  0x0000027cfbec2120 JavaThread "AWT-EventQueue-0"                  [_thread_blocked, id=32308, stack(0x000000aeef200000,0x000000aeef300000) (1024K)]
  0x0000027cd3d890e0 JavaThread "DestroyJavaVM"                     [_thread_blocked, id=32724, stack(0x000000aeed100000,0x000000aeed200000) (1024K)]
  0x0000027cf2282170 JavaThread "D3D Screen Updater"         daemon [_thread_blocked, id=8028, stack(0x000000aeef400000,0x000000aeef500000) (1024K)]
  0x0000027cfe6f92e0 JavaThread "TimerQueue"                 daemon [_thread_blocked, id=31952, stack(0x000000aeeff00000,0x000000aef0000000) (1024K)]
  0x0000027cfc099b00 JavaThread "mysql-cj-abandoned-connection-cleanup" daemon [_thread_blocked, id=32500, stack(0x000000aeef100000,0x000000aeef200000) (1024K)]
  0x0000027cfc098750 JavaThread "Image Fetcher 0"            daemon [_thread_blocked, id=30624, stack(0x000000aef0100000,0x000000aef0200000) (1024K)]
  0x0000027cfe57f790 JavaThread "C2 CompilerThread1"         daemon [_thread_blocked, id=32564, stack(0x000000aef0000000,0x000000aef0100000) (1024K)]
Total: 20

Other Threads:
  0x0000027cf2080760 VMThread "VM Thread"                           [id=29912, stack(0x000000aeed800000,0x000000aeed900000) (1024K)]
  0x0000027cf2066070 WatcherThread "VM Periodic Task Thread"        [id=24096, stack(0x000000aeed700000,0x000000aeed800000) (1024K)]
  0x0000027cd3dcd030 WorkerThread "GC Thread#0"                     [id=32728, stack(0x000000aeed200000,0x000000aeed300000) (1024K)]
  0x0000027cfc056db0 WorkerThread "GC Thread#1"                     [id=23324, stack(0x000000aeef300000,0x000000aeef400000) (1024K)]
  0x0000027cf245bdd0 WorkerThread "GC Thread#2"                     [id=12860, stack(0x000000aeef700000,0x000000aeef800000) (1024K)]
  0x0000027cf245c170 WorkerThread "GC Thread#3"                     [id=31788, stack(0x000000aeef800000,0x000000aeef900000) (1024K)]
  0x0000027cf245c510 WorkerThread "GC Thread#4"                     [id=27608, stack(0x000000aeef900000,0x000000aeefa00000) (1024K)]
  0x0000027cfbdb17f0 WorkerThread "GC Thread#5"                     [id=16356, stack(0x000000aeefa00000,0x000000aeefb00000) (1024K)]
  0x0000027cfc14cbf0 WorkerThread "GC Thread#6"                     [id=31356, stack(0x000000aeefb00000,0x000000aeefc00000) (1024K)]
  0x0000027cfc14cfe0 WorkerThread "GC Thread#7"                     [id=28892, stack(0x000000aeefc00000,0x000000aeefd00000) (1024K)]
  0x0000027cfc14e200 WorkerThread "GC Thread#8"                     [id=31984, stack(0x000000aeefd00000,0x000000aeefe00000) (1024K)]
  0x0000027cfc14dac0 WorkerThread "GC Thread#9"                     [id=31980, stack(0x000000aeefe00000,0x000000aeeff00000) (1024K)]
  0x0000027cd3dd9c50 ConcurrentGCThread "G1 Main Marker"            [id=32716, stack(0x000000aeed300000,0x000000aeed400000) (1024K)]
  0x0000027cd3ddb610 WorkerThread "G1 Conc#0"                       [id=32752, stack(0x000000aeed400000,0x000000aeed500000) (1024K)]
  0x0000027cf1f3a0f0 ConcurrentGCThread "G1 Refine#0"               [id=8296, stack(0x000000aeed500000,0x000000aeed600000) (1024K)]
  0x0000027cf1f3a910 ConcurrentGCThread "G1 Service"                [id=16216, stack(0x000000aeed600000,0x000000aeed700000) (1024K)]
Total: 16

Threads with active compile tasks:
C2 CompilerThread0    23272 2661       4       sun.security.ec.ECOperations::setDouble (463 bytes)
Total: 1

VM state: not at safepoint (normal execution)

VM Mutex/Monitor currently owned by a thread: None

Heap address: 0x00000000a2400000, size: 1500 MB, Compressed Oops mode: 32-bit

CDS archive(s) mapped at: [0x0000027c80000000-0x0000027c80c90000-0x0000027c80c90000), size 13172736, SharedBaseAddress: 0x0000027c80000000, ArchiveRelocationMode: 1.
Compressed class space mapped at: 0x0000027c81000000-0x0000027cc1000000, reserved size: 1073741824
Narrow klass base: 0x0000027c80000000, Narrow klass shift: 0, Narrow klass range: 0x100000000

GC Precious Log:
 CardTable entry size: 512
 Card Set container configuration: InlinePtr #cards 5 size 8 Array Of Cards #cards 12 size 40 Howl #buckets 4 coarsen threshold 1843 Howl Bitmap #cards 512 size 80 coarsen threshold 460 Card regions per heap region 1 cards per card region 2048
 CPUs: 12 total, 12 available
 Memory: 5996M
 Large Page Support: Disabled
 NUMA Support: Disabled
 Compressed Oops: Enabled (32-bit)
 Heap Region Size: 1M
 Heap Min Capacity: 8M
 Heap Initial Capacity: 94M
 Heap Max Capacity: 1500M
 Pre-touch: Disabled
 Parallel Workers: 10
 Concurrent Workers: 3
 Concurrent Refinement Workers: 10
 Periodic GC: Disabled

Heap:
 garbage-first heap   total 96256K, used 50998K [0x00000000a2400000, 0x0000000100000000)
  region size 1024K, 33 young (33792K), 3 survivors (3072K)
 Metaspace       used 18545K, committed 18752K, reserved 1114112K
  class space    used 1985K, committed 2112K, reserved 1048576K

Heap Regions: E=young(eden), S=young(survivor), O=old, HS=humongous(starts), HC=humongous(continues), CS=collection set, F=free, TAMS=top-at-mark-start, PB=parsable bottom
|   0|0x00000000a2400000, 0x00000000a2500000, 0x00000000a2500000|100%|HS|  |TAMS 0x00000000a2400000| PB 0x00000000a2400000| Complete 
|   1|0x00000000a2500000, 0x00000000a2600000, 0x00000000a2600000|100%|HC|  |TAMS 0x00000000a2500000| PB 0x00000000a2500000| Complete 
|   2|0x00000000a2600000, 0x00000000a2700000, 0x00000000a2700000|100%|HC|  |TAMS 0x00000000a2600000| PB 0x00000000a2600000| Complete 
|   3|0x00000000a2700000, 0x00000000a2800000, 0x00000000a2800000|100%|HS|  |TAMS 0x00000000a2700000| PB 0x00000000a2700000| Complete 
|   4|0x00000000a2800000, 0x00000000a2900000, 0x00000000a2900000|100%|HC|  |TAMS 0x00000000a2800000| PB 0x00000000a2800000| Complete 
|   5|0x00000000a2900000, 0x00000000a2a00000, 0x00000000a2a00000|100%|HC|  |TAMS 0x00000000a2900000| PB 0x00000000a2900000| Complete 
|   6|0x00000000a2a00000, 0x00000000a2b00000, 0x00000000a2b00000|100%|HS|  |TAMS 0x00000000a2a00000| PB 0x00000000a2a00000| Complete 
|   7|0x00000000a2b00000, 0x00000000a2c00000, 0x00000000a2c00000|100%|HC|  |TAMS 0x00000000a2b00000| PB 0x00000000a2b00000| Complete 
|   8|0x00000000a2c00000, 0x00000000a2ccd9d8, 0x00000000a2d00000| 80%| O|  |TAMS 0x00000000a2c00000| PB 0x00000000a2c00000| Untracked 
|   9|0x00000000a2d00000, 0x00000000a2e00000, 0x00000000a2e00000|100%|HS|  |TAMS 0x00000000a2d00000| PB 0x00000000a2d00000| Complete 
|  10|0x00000000a2e00000, 0x00000000a2f00000, 0x00000000a2f00000|100%|HS|  |TAMS 0x00000000a2e00000| PB 0x00000000a2e00000| Complete 
|  11|0x00000000a2f00000, 0x00000000a3000000, 0x00000000a3000000|100%|HC|  |TAMS 0x00000000a2f00000| PB 0x00000000a2f00000| Complete 
|  12|0x00000000a3000000, 0x00000000a3100000, 0x00000000a3100000|100%|HC|  |TAMS 0x00000000a3000000| PB 0x00000000a3000000| Complete 
|  13|0x00000000a3100000, 0x00000000a3200000, 0x00000000a3200000|100%|HS|  |TAMS 0x00000000a3100000| PB 0x00000000a3100000| Complete 
|  14|0x00000000a3200000, 0x00000000a3300000, 0x00000000a3300000|100%|HC|  |TAMS 0x00000000a3200000| PB 0x00000000a3200000| Complete 
|  15|0x00000000a3300000, 0x00000000a3400000, 0x00000000a3400000|100%|HC|  |TAMS 0x00000000a3300000| PB 0x00000000a3300000| Complete 
|  16|0x00000000a3400000, 0x00000000a3500000, 0x00000000a3500000|100%|HC|  |TAMS 0x00000000a3400000| PB 0x00000000a3400000| Complete 
|  17|0x00000000a3500000, 0x00000000a3600000, 0x00000000a3600000|100%|HC|  |TAMS 0x00000000a3500000| PB 0x00000000a3500000| Complete 
|  18|0x00000000a3600000, 0x00000000a3700000, 0x00000000a3700000|100%|HC|  |TAMS 0x00000000a3600000| PB 0x00000000a3600000| Complete 
|  19|0x00000000a3700000, 0x00000000a3700000, 0x00000000a3800000|  0%| F|  |TAMS 0x00000000a3700000| PB 0x00000000a3700000| Untracked 
|  20|0x00000000a3800000, 0x00000000a3800000, 0x00000000a3900000|  0%| F|  |TAMS 0x00000000a3800000| PB 0x00000000a3800000| Untracked 
|  21|0x00000000a3900000, 0x00000000a3900000, 0x00000000a3a00000|  0%| F|  |TAMS 0x00000000a3900000| PB 0x00000000a3900000| Untracked 
|  22|0x00000000a3a00000, 0x00000000a3a00000, 0x00000000a3b00000|  0%| F|  |TAMS 0x00000000a3a00000| PB 0x00000000a3a00000| Untracked 
|  23|0x00000000a3b00000, 0x00000000a3b00000, 0x00000000a3c00000|  0%| F|  |TAMS 0x00000000a3b00000| PB 0x00000000a3b00000| Untracked 
|  24|0x00000000a3c00000, 0x00000000a3c00000, 0x00000000a3d00000|  0%| F|  |TAMS 0x00000000a3c00000| PB 0x00000000a3c00000| Untracked 
|  25|0x00000000a3d00000, 0x00000000a3d00000, 0x00000000a3e00000|  0%| F|  |TAMS 0x00000000a3d00000| PB 0x00000000a3d00000| Untracked 
|  26|0x00000000a3e00000, 0x00000000a3e00000, 0x00000000a3f00000|  0%| F|  |TAMS 0x00000000a3e00000| PB 0x00000000a3e00000| Untracked 
|  27|0x00000000a3f00000, 0x00000000a3f00000, 0x00000000a4000000|  0%| F|  |TAMS 0x00000000a3f00000| PB 0x00000000a3f00000| Untracked 
|  28|0x00000000a4000000, 0x00000000a4000000, 0x00000000a4100000|  0%| F|  |TAMS 0x00000000a4000000| PB 0x00000000a4000000| Untracked 
|  29|0x00000000a4100000, 0x00000000a4100000, 0x00000000a4200000|  0%| F|  |TAMS 0x00000000a4100000| PB 0x00000000a4100000| Untracked 
|  30|0x00000000a4200000, 0x00000000a4200000, 0x00000000a4300000|  0%| F|  |TAMS 0x00000000a4200000| PB 0x00000000a4200000| Untracked 
|  31|0x00000000a4300000, 0x00000000a4300000, 0x00000000a4400000|  0%| F|  |TAMS 0x00000000a4300000| PB 0x00000000a4300000| Untracked 
|  32|0x00000000a4400000, 0x00000000a4400000, 0x00000000a4500000|  0%| F|  |TAMS 0x00000000a4400000| PB 0x00000000a4400000| Untracked 
|  33|0x00000000a4500000, 0x00000000a4500000, 0x00000000a4600000|  0%| F|  |TAMS 0x00000000a4500000| PB 0x00000000a4500000| Untracked 
|  34|0x00000000a4600000, 0x00000000a4600000, 0x00000000a4700000|  0%| F|  |TAMS 0x00000000a4600000| PB 0x00000000a4600000| Untracked 
|  35|0x00000000a4700000, 0x00000000a4700000, 0x00000000a4800000|  0%| F|  |TAMS 0x00000000a4700000| PB 0x00000000a4700000| Untracked 
|  36|0x00000000a4800000, 0x00000000a4800000, 0x00000000a4900000|  0%| F|  |TAMS 0x00000000a4800000| PB 0x00000000a4800000| Untracked 
|  37|0x00000000a4900000, 0x00000000a4900000, 0x00000000a4a00000|  0%| F|  |TAMS 0x00000000a4900000| PB 0x00000000a4900000| Untracked 
|  38|0x00000000a4a00000, 0x00000000a4a00000, 0x00000000a4b00000|  0%| F|  |TAMS 0x00000000a4a00000| PB 0x00000000a4a00000| Untracked 
|  39|0x00000000a4b00000, 0x00000000a4b00000, 0x00000000a4c00000|  0%| F|  |TAMS 0x00000000a4b00000| PB 0x00000000a4b00000| Untracked 
|  40|0x00000000a4c00000, 0x00000000a4c00000, 0x00000000a4d00000|  0%| F|  |TAMS 0x00000000a4c00000| PB 0x00000000a4c00000| Untracked 
|  41|0x00000000a4d00000, 0x00000000a4d00000, 0x00000000a4e00000|  0%| F|  |TAMS 0x00000000a4d00000| PB 0x00000000a4d00000| Untracked 
|  42|0x00000000a4e00000, 0x00000000a4e00000, 0x00000000a4f00000|  0%| F|  |TAMS 0x00000000a4e00000| PB 0x00000000a4e00000| Untracked 
|  43|0x00000000a4f00000, 0x00000000a4f00000, 0x00000000a5000000|  0%| F|  |TAMS 0x00000000a4f00000| PB 0x00000000a4f00000| Untracked 
|  44|0x00000000a5000000, 0x00000000a5000000, 0x00000000a5100000|  0%| F|  |TAMS 0x00000000a5000000| PB 0x00000000a5000000| Untracked 
|  45|0x00000000a5100000, 0x00000000a5100000, 0x00000000a5200000|  0%| F|  |TAMS 0x00000000a5100000| PB 0x00000000a5100000| Untracked 
|  46|0x00000000a5200000, 0x00000000a5200000, 0x00000000a5300000|  0%| F|  |TAMS 0x00000000a5200000| PB 0x00000000a5200000| Untracked 
|  47|0x00000000a5300000, 0x00000000a5300000, 0x00000000a5400000|  0%| F|  |TAMS 0x00000000a5300000| PB 0x00000000a5300000| Untracked 
|  48|0x00000000a5400000, 0x00000000a5400000, 0x00000000a5500000|  0%| F|  |TAMS 0x00000000a5400000| PB 0x00000000a5400000| Untracked 
|  49|0x00000000a5500000, 0x00000000a5500000, 0x00000000a5600000|  0%| F|  |TAMS 0x00000000a5500000| PB 0x00000000a5500000| Untracked 
|  50|0x00000000a5600000, 0x00000000a5600000, 0x00000000a5700000|  0%| F|  |TAMS 0x00000000a5600000| PB 0x00000000a5600000| Untracked 
|  51|0x00000000a5700000, 0x00000000a5700000, 0x00000000a5800000|  0%| F|  |TAMS 0x00000000a5700000| PB 0x00000000a5700000| Untracked 
|  52|0x00000000a5800000, 0x00000000a5800000, 0x00000000a5900000|  0%| F|  |TAMS 0x00000000a5800000| PB 0x00000000a5800000| Untracked 
|  53|0x00000000a5900000, 0x00000000a5900000, 0x00000000a5a00000|  0%| F|  |TAMS 0x00000000a5900000| PB 0x00000000a5900000| Untracked 
|  54|0x00000000a5a00000, 0x00000000a5a00000, 0x00000000a5b00000|  0%| F|  |TAMS 0x00000000a5a00000| PB 0x00000000a5a00000| Untracked 
|  55|0x00000000a5b00000, 0x00000000a5b00000, 0x00000000a5c00000|  0%| F|  |TAMS 0x00000000a5b00000| PB 0x00000000a5b00000| Untracked 
|  56|0x00000000a5c00000, 0x00000000a5c00000, 0x00000000a5d00000|  0%| F|  |TAMS 0x00000000a5c00000| PB 0x00000000a5c00000| Untracked 
|  57|0x00000000a5d00000, 0x00000000a5d00000, 0x00000000a5e00000|  0%| F|  |TAMS 0x00000000a5d00000| PB 0x00000000a5d00000| Untracked 
|  58|0x00000000a5e00000, 0x00000000a5e00000, 0x00000000a5f00000|  0%| F|  |TAMS 0x00000000a5e00000| PB 0x00000000a5e00000| Untracked 
|  59|0x00000000a5f00000, 0x00000000a5f00000, 0x00000000a6000000|  0%| F|  |TAMS 0x00000000a5f00000| PB 0x00000000a5f00000| Untracked 
|  60|0x00000000a6000000, 0x00000000a6000000, 0x00000000a6100000|  0%| F|  |TAMS 0x00000000a6000000| PB 0x00000000a6000000| Untracked 
|  61|0x00000000a6100000, 0x00000000a6183e40, 0x00000000a6200000| 51%| E|  |TAMS 0x00000000a6100000| PB 0x00000000a6100000| Complete 
|  62|0x00000000a6200000, 0x00000000a6300000, 0x00000000a6300000|100%| E|CS|TAMS 0x00000000a6200000| PB 0x00000000a6200000| Complete 
|  63|0x00000000a6300000, 0x00000000a6400000, 0x00000000a6400000|100%| E|CS|TAMS 0x00000000a6300000| PB 0x00000000a6300000| Complete 
|  64|0x00000000a6400000, 0x00000000a6500000, 0x00000000a6500000|100%| E|CS|TAMS 0x00000000a6400000| PB 0x00000000a6400000| Complete 
|  65|0x00000000a6500000, 0x00000000a6600000, 0x00000000a6600000|100%| E|CS|TAMS 0x00000000a6500000| PB 0x00000000a6500000| Complete 
|  66|0x00000000a6600000, 0x00000000a6700000, 0x00000000a6700000|100%| E|  |TAMS 0x00000000a6600000| PB 0x00000000a6600000| Complete 
|  67|0x00000000a6700000, 0x00000000a6800000, 0x00000000a6800000|100%| E|CS|TAMS 0x00000000a6700000| PB 0x00000000a6700000| Complete 
|  68|0x00000000a6800000, 0x00000000a6900000, 0x00000000a6900000|100%| S|CS|TAMS 0x00000000a6800000| PB 0x00000000a6800000| Complete 
|  69|0x00000000a6900000, 0x00000000a6a00000, 0x00000000a6a00000|100%| S|CS|TAMS 0x00000000a6900000| PB 0x00000000a6900000| Complete 
|  70|0x00000000a6a00000, 0x00000000a6b00000, 0x00000000a6b00000|100%| S|CS|TAMS 0x00000000a6a00000| PB 0x00000000a6a00000| Complete 
|  71|0x00000000a6b00000, 0x00000000a6c00000, 0x00000000a6c00000|100%| E|CS|TAMS 0x00000000a6b00000| PB 0x00000000a6b00000| Complete 
|  72|0x00000000a6c00000, 0x00000000a6d00000, 0x00000000a6d00000|100%| E|CS|TAMS 0x00000000a6c00000| PB 0x00000000a6c00000| Complete 
|  73|0x00000000a6d00000, 0x00000000a6e00000, 0x00000000a6e00000|100%| E|CS|TAMS 0x00000000a6d00000| PB 0x00000000a6d00000| Complete 
|  74|0x00000000a6e00000, 0x00000000a6f00000, 0x00000000a6f00000|100%| E|CS|TAMS 0x00000000a6e00000| PB 0x00000000a6e00000| Complete 
|  75|0x00000000a6f00000, 0x00000000a7000000, 0x00000000a7000000|100%| E|CS|TAMS 0x00000000a6f00000| PB 0x00000000a6f00000| Complete 
|  76|0x00000000a7000000, 0x00000000a7100000, 0x00000000a7100000|100%| E|CS|TAMS 0x00000000a7000000| PB 0x00000000a7000000| Complete 
|  77|0x00000000a7100000, 0x00000000a7200000, 0x00000000a7200000|100%| E|CS|TAMS 0x00000000a7100000| PB 0x00000000a7100000| Complete 
|  78|0x00000000a7200000, 0x00000000a7300000, 0x00000000a7300000|100%| E|CS|TAMS 0x00000000a7200000| PB 0x00000000a7200000| Complete 
|  79|0x00000000a7300000, 0x00000000a7400000, 0x00000000a7400000|100%| E|CS|TAMS 0x00000000a7300000| PB 0x00000000a7300000| Complete 
|  80|0x00000000a7400000, 0x00000000a7500000, 0x00000000a7500000|100%| E|CS|TAMS 0x00000000a7400000| PB 0x00000000a7400000| Complete 
|  81|0x00000000a7500000, 0x00000000a7600000, 0x00000000a7600000|100%| E|CS|TAMS 0x00000000a7500000| PB 0x00000000a7500000| Complete 
|  82|0x00000000a7600000, 0x00000000a7700000, 0x00000000a7700000|100%| E|CS|TAMS 0x00000000a7600000| PB 0x00000000a7600000| Complete 
|  83|0x00000000a7700000, 0x00000000a7800000, 0x00000000a7800000|100%| E|CS|TAMS 0x00000000a7700000| PB 0x00000000a7700000| Complete 
|  84|0x00000000a7800000, 0x00000000a7900000, 0x00000000a7900000|100%| E|CS|TAMS 0x00000000a7800000| PB 0x00000000a7800000| Complete 
|  85|0x00000000a7900000, 0x00000000a7a00000, 0x00000000a7a00000|100%| E|CS|TAMS 0x00000000a7900000| PB 0x00000000a7900000| Complete 
|  86|0x00000000a7a00000, 0x00000000a7b00000, 0x00000000a7b00000|100%| E|CS|TAMS 0x00000000a7a00000| PB 0x00000000a7a00000| Complete 
|  87|0x00000000a7b00000, 0x00000000a7c00000, 0x00000000a7c00000|100%| E|CS|TAMS 0x00000000a7b00000| PB 0x00000000a7b00000| Complete 
|  88|0x00000000a7c00000, 0x00000000a7d00000, 0x00000000a7d00000|100%| E|CS|TAMS 0x00000000a7c00000| PB 0x00000000a7c00000| Complete 
|  89|0x00000000a7d00000, 0x00000000a7e00000, 0x00000000a7e00000|100%| E|CS|TAMS 0x00000000a7d00000| PB 0x00000000a7d00000| Complete 
|  90|0x00000000a7e00000, 0x00000000a7f00000, 0x00000000a7f00000|100%| E|CS|TAMS 0x00000000a7e00000| PB 0x00000000a7e00000| Complete 
|  91|0x00000000a7f00000, 0x00000000a8000000, 0x00000000a8000000|100%| E|CS|TAMS 0x00000000a7f00000| PB 0x00000000a7f00000| Complete 
|  92|0x00000000a8000000, 0x00000000a8100000, 0x00000000a8100000|100%| E|CS|TAMS 0x00000000a8000000| PB 0x00000000a8000000| Complete 
|  93|0x00000000a8100000, 0x00000000a8200000, 0x00000000a8200000|100%| E|CS|TAMS 0x00000000a8100000| PB 0x00000000a8100000| Complete 

Card table byte_map: [0x0000027ced9b0000,0x0000027cedca0000] _byte_map_base: 0x0000027ced49e000

Marking Bits: (CMBitMap*) 0x0000027cd3dcd640
 Bits: [0x0000027cedca0000, 0x0000027cef410000)

Polling page: 0x0000027cd3e50000

Metaspace:

Usage:
  Non-class:     16.17 MB used.
      Class:      1.94 MB used.
       Both:     18.11 MB used.

Virtual space:
  Non-class space:       64.00 MB reserved,      16.25 MB ( 25%) committed,  1 nodes.
      Class space:        1.00 GB reserved,       2.06 MB ( <1%) committed,  1 nodes.
             Both:        1.06 GB reserved,      18.31 MB (  2%) committed. 

Chunk freelists:
   Non-Class:  14.88 MB
       Class:  13.98 MB
        Both:  28.86 MB

MaxMetaspaceSize: unlimited
CompressedClassSpaceSize: 1.00 GB
Initial GC threshold: 21.00 MB
Current GC threshold: 21.00 MB
CDS: on
 - commit_granule_bytes: 65536.
 - commit_granule_words: 8192.
 - virtual_space_node_default_size: 8388608.
 - enlarge_chunks_in_place: 1.
 - use_allocation_guard: 0.


Internal statistics:

num_allocs_failed_limit: 0.
num_arena_births: 190.
num_arena_deaths: 0.
num_vsnodes_births: 2.
num_vsnodes_deaths: 0.
num_space_committed: 293.
num_space_uncommitted: 0.
num_chunks_returned_to_freelist: 0.
num_chunks_taken_from_freelist: 392.
num_chunk_merges: 0.
num_chunk_splits: 237.
num_chunks_enlarged: 136.
num_inconsistent_stats: 0.

CodeHeap 'non-profiled nmethods': size=120000Kb used=893Kb max_used=893Kb free=119106Kb
 bounds [0x0000027ce5510000, 0x0000027ce5780000, 0x0000027ceca40000]
CodeHeap 'profiled nmethods': size=120000Kb used=5021Kb max_used=5021Kb free=114978Kb
 bounds [0x0000027cdda40000, 0x0000027cddf30000, 0x0000027ce4f70000]
CodeHeap 'non-nmethods': size=5760Kb used=1737Kb max_used=1759Kb free=4022Kb
 bounds [0x0000027ce4f70000, 0x0000027ce51e0000, 0x0000027ce5510000]
 total_blobs=3465 nmethods=2704 adapters=665
 compilation: enabled
              stopped_count=0, restarted_count=0
 full_count=0

Compilation events (20 events):
Event: 23.233 Thread 0x0000027cf20ad8b0 nmethod 2686 0x0000027cddf1c090 code [0x0000027cddf1c260, 0x0000027cddf1c598]
Event: 23.233 Thread 0x0000027cf20ad8b0 2688   !   3       javax.swing.JComponent::paint (409 bytes)
Event: 23.234 Thread 0x0000027cfe57f790 nmethod 2687 0x0000027ce55edb10 code [0x0000027ce55edc80, 0x0000027ce55eddd8]
Event: 23.235 Thread 0x0000027cf20ad8b0 nmethod 2688 0x0000027cddf1c710 code [0x0000027cddf1cbc0, 0x0000027cddf1f8a0]
Event: 23.235 Thread 0x0000027cf20ad8b0 2689       3       javax.swing.JComponent::getComponentGraphics (63 bytes)
Event: 23.236 Thread 0x0000027cf20ad8b0 nmethod 2689 0x0000027cddf20790 code [0x0000027cddf20a00, 0x0000027cddf215b0]
Event: 23.236 Thread 0x0000027cf20ad8b0 2690       1       javax.swing.JLabel::getText (5 bytes)
Event: 23.236 Thread 0x0000027cf20ad8b0 nmethod 2690 0x0000027ce55ede90 code [0x0000027ce55ee020, 0x0000027ce55ee0f0]
Event: 23.237 Thread 0x0000027cf20ad8b0 2692       3       sun.font.CompositeGlyphMapper::charsToGlyphsNS (166 bytes)
Event: 23.238 Thread 0x0000027cf20ad8b0 nmethod 2692 0x0000027cddf21910 code [0x0000027cddf21b20, 0x0000027cddf22390]
Event: 23.238 Thread 0x0000027cf20ad8b0 2694       3       sun.font.FileFontStrike::getSlot0GlyphImagePtrs (130 bytes)
Event: 23.238 Thread 0x0000027cf20ad8b0 nmethod 2694 0x0000027cddf22710 code [0x0000027cddf22940, 0x0000027cddf23060]
Event: 23.238 Thread 0x0000027cf20ad8b0 2693       3       sun.font.CompositeStrike::getGlyphImagePtrs (67 bytes)
Event: 23.239 Thread 0x0000027cf20ad8b0 nmethod 2693 0x0000027cddf23390 code [0x0000027cddf235a0, 0x0000027cddf23af8]
Event: 23.239 Thread 0x0000027cf20ad8b0 2695       1       sun.font.Font2D::getStyle (5 bytes)
Event: 23.239 Thread 0x0000027cf20ad8b0 nmethod 2695 0x0000027ce55ee990 code [0x0000027ce55eeb20, 0x0000027ce55eebe8]
Event: 23.239 Thread 0x0000027cf20ad8b0 2697       3       sun.font.FileFontStrike::getGlyphAdvance (397 bytes)
Event: 23.240 Thread 0x0000027cf20ad8b0 nmethod 2697 0x0000027cddf23d90 code [0x0000027cddf24100, 0x0000027cddf255b0]
Event: 23.240 Thread 0x0000027cf20ad8b0 2699       3       javax.swing.JComponent::paintBorder (28 bytes)
Event: 23.240 Thread 0x0000027cf20ad8b0 nmethod 2699 0x0000027cddf25d10 code [0x0000027cddf25ec0, 0x0000027cddf26368]

GC Heap History (2 events):
Event: 7.877 GC heap before
{Heap before GC invocations=0 (full 0):
 garbage-first heap   total 96256K, used 31744K [0x00000000a2400000, 0x0000000100000000)
  region size 1024K, 23 young (23552K), 0 survivors (0K)
 Metaspace       used 8815K, committed 9024K, reserved 1114112K
  class space    used 957K, committed 1024K, reserved 1048576K
}
Event: 7.881 GC heap after
{Heap after GC invocations=1 (full 0):
 garbage-first heap   total 96256K, used 12086K [0x00000000a2400000, 0x0000000100000000)
  region size 1024K, 3 young (3072K), 3 survivors (3072K)
 Metaspace       used 8815K, committed 9024K, reserved 1114112K
  class space    used 957K, committed 1024K, reserved 1048576K
}

Dll operation events (12 events):
Event: 0.005 Loaded shared library C:\Program Files\Java\jdk-21\bin\java.dll
Event: 0.028 Loaded shared library C:\Program Files\Java\jdk-21\bin\jsvml.dll
Event: 0.048 Loaded shared library C:\Program Files\Java\jdk-21\bin\net.dll
Event: 0.049 Loaded shared library C:\Program Files\Java\jdk-21\bin\nio.dll
Event: 0.062 Loaded shared library C:\Program Files\Java\jdk-21\bin\zip.dll
Event: 0.070 Loaded shared library C:\Program Files\Java\jdk-21\bin\jimage.dll
Event: 0.080 Loaded shared library C:\Program Files\Java\jdk-21\bin\awt.dll
Event: 0.294 Loaded shared library C:\Program Files\Java\jdk-21\bin\javajpeg.dll
Event: 0.354 Loaded shared library C:\Program Files\Java\jdk-21\bin\freetype.dll
Event: 0.355 Loaded shared library C:\Program Files\Java\jdk-21\bin\fontmanager.dll
Event: 15.060 Loaded shared library C:\Program Files\Java\jdk-21\bin\extnet.dll
Event: 15.178 Loaded shared library C:\Program Files\Java\jdk-21\bin\sunmscapi.dll

Deoptimization events (20 events):
Event: 23.195 Thread 0x0000027cfbec2120 DEOPT PACKING pc=0x0000027ce55c4fa8 sp=0x000000aeef2fcd50
Event: 23.195 Thread 0x0000027cfbec2120 DEOPT UNPACKING pc=0x0000027ce4fc46a2 sp=0x000000aeef2fcd20 mode 2
Event: 23.195 Thread 0x0000027cfbec2120 Uncommon trap: trap_request=0xffffffde fr.pc=0x0000027ce55c4fa8 relative=0x0000000000000268
Event: 23.195 Thread 0x0000027cfbec2120 Uncommon trap: reason=class_check action=maybe_recompile pc=0x0000027ce55c4fa8 method=sun.security.util.math.intpoly.IntegerPolynomial.multByInt([JJ)V @ 26 c2
Event: 23.195 Thread 0x0000027cfbec2120 DEOPT PACKING pc=0x0000027ce55c4fa8 sp=0x000000aeef2fcd50
Event: 23.195 Thread 0x0000027cfbec2120 DEOPT UNPACKING pc=0x0000027ce4fc46a2 sp=0x000000aeef2fcd20 mode 2
Event: 23.195 Thread 0x0000027cfbec2120 Uncommon trap: trap_request=0xffffffde fr.pc=0x0000027ce55c4fa8 relative=0x0000000000000268
Event: 23.195 Thread 0x0000027cfbec2120 Uncommon trap: reason=class_check action=maybe_recompile pc=0x0000027ce55c4fa8 method=sun.security.util.math.intpoly.IntegerPolynomial.multByInt([JJ)V @ 26 c2
Event: 23.195 Thread 0x0000027cfbec2120 DEOPT PACKING pc=0x0000027ce55c4fa8 sp=0x000000aeef2fcd50
Event: 23.195 Thread 0x0000027cfbec2120 DEOPT UNPACKING pc=0x0000027ce4fc46a2 sp=0x000000aeef2fcd20 mode 2
Event: 23.198 Thread 0x0000027cfbec2120 Uncommon trap: trap_request=0xffffff45 fr.pc=0x0000027ce55734e0 relative=0x00000000000001c0
Event: 23.198 Thread 0x0000027cfbec2120 Uncommon trap: reason=unstable_if action=reinterpret pc=0x0000027ce55734e0 method=java.nio.Buffer.<init>(IIIILjava/lang/foreign/MemorySegment;)V @ 50 c2
Event: 23.198 Thread 0x0000027cfbec2120 DEOPT PACKING pc=0x0000027ce55734e0 sp=0x000000aeef2fd0e0
Event: 23.198 Thread 0x0000027cfbec2120 DEOPT UNPACKING pc=0x0000027ce4fc46a2 sp=0x000000aeef2fd070 mode 2
Event: 23.199 Thread 0x0000027cfbec2120 Uncommon trap: trap_request=0xffffff6e fr.pc=0x0000027ce55ce60c relative=0x000000000000026c
Event: 23.199 Thread 0x0000027cfbec2120 Uncommon trap: reason=loop_limit_check action=maybe_recompile pc=0x0000027ce55ce60c method=java.math.BigInteger.implMulAdd([I[IIII)I @ 26 c2
Event: 23.199 Thread 0x0000027cfbec2120 DEOPT PACKING pc=0x0000027ce55ce60c sp=0x000000aeef2fca00
Event: 23.199 Thread 0x0000027cfbec2120 DEOPT UNPACKING pc=0x0000027ce4fc46a2 sp=0x000000aeef2fc950 mode 2
Event: 23.210 Thread 0x0000027cfbec2120 DEOPT PACKING pc=0x0000027cdde34cde sp=0x000000aeef2fce00
Event: 23.210 Thread 0x0000027cfbec2120 DEOPT UNPACKING pc=0x0000027ce4fc4e42 sp=0x000000aeef2fc230 mode 0

Classes loaded (20 events):
Event: 15.396 Loading class javax/swing/plaf/basic/BasicGraphicsUtils
Event: 15.397 Loading class javax/swing/plaf/basic/BasicGraphicsUtils done
Event: 15.397 Loading class sun/util/resources/LocaleData$CommonResourceBundleProvider
Event: 15.397 Loading class sun/util/resources/LocaleData$LocaleDataResourceBundleProvider
Event: 15.397 Loading class java/util/spi/ResourceBundleProvider
Event: 15.397 Loading class java/util/spi/ResourceBundleProvider done
Event: 15.397 Loading class sun/util/resources/LocaleData$LocaleDataResourceBundleProvider done
Event: 15.397 Loading class sun/util/resources/LocaleData$CommonResourceBundleProvider done
Event: 15.398 Loading class java/util/ArrayList$SubList$1
Event: 15.398 Loading class java/util/ArrayList$SubList$1 done
Event: 15.398 Loading class sun/util/resources/Bundles$2
Event: 15.398 Loading class sun/util/resources/Bundles$2 done
Event: 15.400 Loading class java/text/FieldPosition$Delegate
Event: 15.401 Loading class java/text/FieldPosition$Delegate done
Event: 15.401 Loading class jdk/internal/math/FDBigInteger
Event: 15.401 Loading class jdk/internal/math/FDBigInteger done
Event: 15.416 Loading class java/awt/LightweightDispatcher$2
Event: 15.416 Loading class java/awt/LightweightDispatcher$2 done
Event: 15.719 Loading class java/text/DigitList$1
Event: 15.719 Loading class java/text/DigitList$1 done

Classes unloaded (0 events):
No events

Classes redefined (0 events):
No events

Internal exceptions (20 events):
Event: 0.091 Thread 0x0000027cd3d890e0 Exception <a 'java/io/FileNotFoundException'{0x00000000a7e04a50}> (0x00000000a7e04a50) 
thrown [s\open\src\hotspot\share\prims\jni.cpp, line 520]
Event: 0.224 Thread 0x0000027cd3d890e0 Exception <a 'java/lang/NoSuchMethodError'{0x00000000a7d265a0}: 'void java.lang.invoke.DirectMethodHandle$Holder.invokeSpecial(java.lang.Object, java.lang.Object, java.lang.Object)'> (0x00000000a7d265a0) 
thrown [s\open\src\hotspot\share\interpreter\linkResolver.cpp, line 773]
Event: 0.228 Thread 0x0000027cd3d890e0 Exception <a 'java/lang/NoSuchMethodError'{0x00000000a7d4c220}: 'java.lang.Object java.lang.invoke.DirectMethodHandle$Holder.newInvokeSpecial(java.lang.Object, java.lang.Object, java.lang.Object, java.lang.Object, java.lang.Object)'> (0x00000000a7d4c220) 
thrown [s\open\src\hotspot\share\interpreter\linkResolver.cpp, line 773]
Event: 0.232 Thread 0x0000027cd3d890e0 Exception <a 'java/lang/NoSuchMethodError'{0x00000000a7deddd0}: 'java.lang.Object java.lang.invoke.DirectMethodHandle$Holder.invokeStatic(java.lang.Object, int, java.lang.Object)'> (0x00000000a7deddd0) 
thrown [s\open\src\hotspot\share\interpreter\linkResolver.cpp, line 773]
Event: 0.245 Thread 0x0000027cd3d890e0 Exception <a 'java/lang/ClassNotFoundException'{0x00000000a7c8df60}: com/sun/swing/internal/plaf/metal/resources/spi/metalProvider> (0x00000000a7c8df60) 
thrown [s\open\src\hotspot\share\classfile\systemDictionary.cpp, line 312]
Event: 0.246 Thread 0x0000027cd3d890e0 Exception <a 'java/lang/ClassNotFoundException'{0x00000000a7c91ee0}: com/sun/swing/internal/plaf/basic/resources/spi/basicProvider> (0x00000000a7c91ee0) 
thrown [s\open\src\hotspot\share\classfile\systemDictionary.cpp, line 312]
Event: 0.252 Thread 0x0000027cd3d890e0 Exception <a 'java/lang/NoSuchMethodError'{0x00000000a7cb1470}: 'int java.lang.invoke.Invokers$Holder.invokeExact_MT(java.lang.Object, java.lang.Object)'> (0x00000000a7cb1470) 
thrown [s\open\src\hotspot\share\interpreter\linkResolver.cpp, line 773]
Event: 0.295 Thread 0x0000027cfbd4ae60 Exception <a 'java/lang/NoSuchMethodError'{0x00000000a7a90a38}: 'java.lang.Object java.lang.invoke.DirectMethodHandle$Holder.newInvokeSpecial(java.lang.Object, java.lang.Object, java.lang.Object, int, int, int, int, int)'> (0x00000000a7a90a38) 
thrown [s\open\src\hotspot\share\interpreter\linkResolver.cpp, line 773]
Event: 0.352 Thread 0x0000027cd3d890e0 Exception <a 'java/lang/NoSuchMethodError'{0x00000000a7cdff58}: 'void java.lang.invoke.DirectMethodHandle$Holder.invokeStaticInit(java.lang.Object)'> (0x00000000a7cdff58) 
thrown [s\open\src\hotspot\share\interpreter\linkResolver.cpp, line 773]
Event: 0.384 Thread 0x0000027cf24c4fa0 Exception <a 'java/lang/NoSuchMethodError'{0x00000000a7d857c0}: 'void java.lang.invoke.DirectMethodHandle$Holder.invokeVirtual(java.lang.Object, java.lang.Object)'> (0x00000000a7d857c0) 
thrown [s\open\src\hotspot\share\interpreter\linkResolver.cpp, line 773]
Event: 7.420 Thread 0x0000027cfbd7e4f0 Implicit null exception at 0x0000027ce554f0ba to 0x0000027ce554f798
Event: 14.968 Thread 0x0000027cfbec2120 Exception <a 'java/lang/NoSuchMethodError'{0x00000000a7ecac88}: 'void java.lang.invoke.DirectMethodHandle$Holder.invokeStatic(java.lang.Object, java.lang.Object)'> (0x00000000a7ecac88) 
thrown [s\open\src\hotspot\share\interpreter\linkResolver.cpp, line 773]
Event: 14.972 Thread 0x0000027cfbec2120 Implicit null exception at 0x0000027ce55757fc to 0x0000027ce5575888
Event: 14.988 Thread 0x0000027cfbec2120 Exception <a 'java/lang/NoSuchMethodError'{0x00000000a7d91cd0}: 'java.lang.Object java.lang.invoke.DirectMethodHandle$Holder.invokeInterface(java.lang.Object, java.lang.Object)'> (0x00000000a7d91cd0) 
thrown [s\open\src\hotspot\share\interpreter\linkResolver.cpp, line 773]
Event: 15.000 Thread 0x0000027cfbec2120 Exception <a 'java/lang/NoSuchMethodError'{0x00000000a7c08bb0}: 'void java.lang.invoke.DirectMethodHandle$Holder.invokeStatic(java.lang.Object, java.lang.Object, java.lang.Object)'> (0x00000000a7c08bb0) 
thrown [s\open\src\hotspot\share\interpreter\linkResolver.cpp, line 773]
Event: 15.001 Thread 0x0000027cfbec2120 Exception <a 'java/lang/NoSuchMethodError'{0x00000000a7c11b88}: 'java.lang.Object java.lang.invoke.DirectMethodHandle$Holder.invokeVirtual(java.lang.Object, java.lang.Object, java.lang.Object)'> (0x00000000a7c11b88) 
thrown [s\open\src\hotspot\share\interpreter\linkResolver.cpp, line 773]
Event: 15.091 Thread 0x0000027cfbec2120 Exception <a 'java/lang/NoSuchMethodError'{0x00000000a78c2110}: 'void java.lang.invoke.DirectMethodHandle$Holder.invokeStaticInit(java.lang.Object, java.lang.Object)'> (0x00000000a78c2110) 
thrown [s\open\src\hotspot\share\interpreter\linkResolver.cpp, line 773]
Event: 15.130 Thread 0x0000027cfbec2120 Exception <a 'sun/nio/fs/WindowsException'{0x00000000a77efe18}> (0x00000000a77efe18) 
thrown [s\open\src\hotspot\share\prims\jni.cpp, line 520]
Event: 15.153 Thread 0x0000027cfbec2120 Exception <a 'java/lang/NoSuchMethodError'{0x00000000a769d910}: 'java.lang.Object java.lang.invoke.DirectMethodHandle$Holder.invokeStaticInit(java.lang.Object, int, int, int, int)'> (0x00000000a769d910) 
thrown [s\open\src\hotspot\share\interpreter\linkResolver.cpp, line 773]
Event: 15.166 Thread 0x0000027cfbec2120 Exception <a 'java/lang/NoSuchMethodError'{0x00000000a76ec758}: 'java.lang.Object java.lang.invoke.DirectMethodHandle$Holder.invokeStaticInit(java.lang.Object, java.lang.Object, int, int, int, int)'> (0x00000000a76ec758) 
thrown [s\open\src\hotspot\share\interpreter\linkResolver.cpp, line 773]

ZGC Phase Switch (0 events):
No events

VM Operations (20 events):
Event: 15.058 Executing VM operation: HandshakeAllThreads (Deoptimize)
Event: 15.058 Executing VM operation: HandshakeAllThreads (Deoptimize) done
Event: 15.079 Executing VM operation: HandshakeAllThreads (Deoptimize)
Event: 15.079 Executing VM operation: HandshakeAllThreads (Deoptimize) done
Event: 15.094 Executing VM operation: HandshakeAllThreads (Deoptimize)
Event: 15.094 Executing VM operation: HandshakeAllThreads (Deoptimize) done
Event: 15.132 Executing VM operation: HandshakeAllThreads (Deoptimize)
Event: 15.132 Executing VM operation: HandshakeAllThreads (Deoptimize) done
Event: 15.351 Executing VM operation: ICBufferFull
Event: 15.351 Executing VM operation: ICBufferFull done
Event: 16.353 Executing VM operation: Cleanup
Event: 16.354 Executing VM operation: Cleanup done
Event: 17.361 Executing VM operation: Cleanup
Event: 17.361 Executing VM operation: Cleanup done
Event: 19.379 Executing VM operation: Cleanup
Event: 19.379 Executing VM operation: Cleanup done
Event: 21.408 Executing VM operation: Cleanup
Event: 21.408 Executing VM operation: Cleanup done
Event: 22.411 Executing VM operation: Cleanup
Event: 22.411 Executing VM operation: Cleanup done

Events (20 events):
Event: 0.119 Thread 0x0000027cf24b1900 Thread added: 0x0000027cf24b1900
Event: 0.120 Thread 0x0000027cf24bfe70 Thread added: 0x0000027cf24bfe70
Event: 0.121 Thread 0x0000027cf24c4fa0 Thread added: 0x0000027cf24c4fa0
Event: 0.256 Thread 0x0000027cfbd4ae60 Thread added: 0x0000027cfbd4ae60
Event: 0.343 Thread 0x0000027cfbec2120 Thread added: 0x0000027cfbec2120
Event: 0.388 Thread 0x0000027cfbdba340 Thread added: 0x0000027cfbdba340
Event: 0.388 Thread 0x0000027cd3d890e0 Thread exited: 0x0000027cd3d890e0
Event: 0.388 Thread 0x0000027cd3d890e0 Thread added: 0x0000027cd3d890e0
Event: 0.394 Thread 0x0000027cf2282170 Thread added: 0x0000027cf2282170
Event: 3.704 Thread 0x0000027cf242ea30 Thread exited: 0x0000027cf242ea30
Event: 5.345 Thread 0x0000027cfbd4ae60 Thread exited: 0x0000027cfbd4ae60
Event: 7.414 Thread 0x0000027cfbd7e4f0 Thread added: 0x0000027cfbd7e4f0
Event: 7.490 Thread 0x0000027cfbdba340 Thread exited: 0x0000027cfbdba340
Event: 7.915 Thread 0x0000027cfe6f92e0 Thread added: 0x0000027cfe6f92e0
Event: 12.431 Thread 0x0000027cfbd7e4f0 Thread exited: 0x0000027cfbd7e4f0
Event: 14.969 Thread 0x0000027cfc099b00 Thread added: 0x0000027cfc099b00
Event: 15.357 Thread 0x0000027cfc09a190 Thread added: 0x0000027cfc09a190
Event: 21.529 Thread 0x0000027cfc098750 Thread added: 0x0000027cfc098750
Event: 21.641 Thread 0x0000027cfc09a190 Thread exited: 0x0000027cfc09a190
Event: 23.196 Thread 0x0000027cfe57f790 Thread added: 0x0000027cfe57f790


Dynamic libraries:
0x00007ff708f20000 - 0x00007ff708f30000 	C:\Program Files\Java\jdk-21\bin\java.exe
0x00007ff894b70000 - 0x00007ff894d87000 	C:\WINDOWS\SYSTEM32\ntdll.dll
0x00007ff893510000 - 0x00007ff8935d4000 	C:\WINDOWS\System32\KERNEL32.DLL
0x00007ff8923e0000 - 0x00007ff8927b0000 	C:\WINDOWS\System32\KERNELBASE.dll
0x00007ff8922c0000 - 0x00007ff8923d1000 	C:\WINDOWS\System32\ucrtbase.dll
0x00007ff85f660000 - 0x00007ff85f679000 	C:\Program Files\Java\jdk-21\bin\jli.dll
0x00007ff87bf50000 - 0x00007ff87bf6b000 	C:\Program Files\Java\jdk-21\bin\VCRUNTIME140.dll
0x00007ff894900000 - 0x00007ff8949b1000 	C:\WINDOWS\System32\ADVAPI32.dll
0x00007ff892ac0000 - 0x00007ff892b67000 	C:\WINDOWS\System32\msvcrt.dll
0x00007ff894570000 - 0x00007ff894617000 	C:\WINDOWS\System32\sechost.dll
0x00007ff891f80000 - 0x00007ff891fa8000 	C:\WINDOWS\System32\bcrypt.dll
0x00007ff892b70000 - 0x00007ff892c84000 	C:\WINDOWS\System32\RPCRT4.dll
0x00007ff892ca0000 - 0x00007ff892e4e000 	C:\WINDOWS\System32\USER32.dll
0x00007ff881080000 - 0x00007ff881312000 	C:\WINDOWS\WinSxS\amd64_microsoft.windows.common-controls_6595b64144ccf1df_6.0.22621.4830_none_270fe7d773858e80\COMCTL32.dll
0x00007ff892830000 - 0x00007ff892856000 	C:\WINDOWS\System32\win32u.dll
0x00007ff894620000 - 0x00007ff894649000 	C:\WINDOWS\System32\GDI32.dll
0x00007ff891fb0000 - 0x00007ff8920cb000 	C:\WINDOWS\System32\gdi32full.dll
0x00007ff891e20000 - 0x00007ff891eba000 	C:\WINDOWS\System32\msvcp_win.dll
0x00007ff888880000 - 0x00007ff88888a000 	C:\WINDOWS\SYSTEM32\VERSION.dll
0x00007ff8928b0000 - 0x00007ff8928e1000 	C:\WINDOWS\System32\IMM32.DLL
0x00007ff88d940000 - 0x00007ff88d94c000 	C:\Program Files\Java\jdk-21\bin\vcruntime140_1.dll
0x00007ff82e440000 - 0x00007ff82e4ce000 	C:\Program Files\Java\jdk-21\bin\msvcp140.dll
0x00007ff802b80000 - 0x00007ff803898000 	C:\Program Files\Java\jdk-21\bin\server\jvm.dll
0x00007ff894810000 - 0x00007ff894881000 	C:\WINDOWS\System32\WS2_32.dll
0x00007ff891cf0000 - 0x00007ff891d3d000 	C:\WINDOWS\SYSTEM32\POWRPROF.dll
0x00007ff88a0e0000 - 0x00007ff88a114000 	C:\WINDOWS\SYSTEM32\WINMM.dll
0x00007ff891cd0000 - 0x00007ff891ce3000 	C:\WINDOWS\SYSTEM32\UMPDC.dll
0x00007ff890dc0000 - 0x00007ff890dd8000 	C:\WINDOWS\SYSTEM32\kernel.appcore.dll
0x00007ff88d860000 - 0x00007ff88d86a000 	C:\Program Files\Java\jdk-21\bin\jimage.dll
0x00007ff88f830000 - 0x00007ff88fa62000 	C:\WINDOWS\SYSTEM32\DBGHELP.DLL
0x00007ff892eb0000 - 0x00007ff893240000 	C:\WINDOWS\System32\combase.dll
0x00007ff894470000 - 0x00007ff894547000 	C:\WINDOWS\System32\OLEAUT32.dll
0x00007ff87b030000 - 0x00007ff87b062000 	C:\WINDOWS\SYSTEM32\dbgcore.DLL
0x00007ff892240000 - 0x00007ff8922bb000 	C:\WINDOWS\System32\bcryptPrimitives.dll
0x00007ff87a840000 - 0x00007ff87a85f000 	C:\Program Files\Java\jdk-21\bin\java.dll
0x00007ff893bf0000 - 0x00007ff894468000 	C:\WINDOWS\System32\SHELL32.dll
0x00007ff88fd70000 - 0x00007ff890680000 	C:\WINDOWS\SYSTEM32\windows.storage.dll
0x00007ff88fc30000 - 0x00007ff88fd6f000 	C:\WINDOWS\SYSTEM32\wintypes.dll
0x00007ff8929a0000 - 0x00007ff892aaa000 	C:\WINDOWS\System32\SHCORE.dll
0x00007ff892e50000 - 0x00007ff892eae000 	C:\WINDOWS\System32\shlwapi.dll
0x00007ff891d50000 - 0x00007ff891d7b000 	C:\WINDOWS\SYSTEM32\profapi.dll
0x00007ff822890000 - 0x00007ff822967000 	C:\Program Files\Java\jdk-21\bin\jsvml.dll
0x00007ff88d700000 - 0x00007ff88d710000 	C:\Program Files\Java\jdk-21\bin\net.dll
0x00007ff88c900000 - 0x00007ff88ca2c000 	C:\WINDOWS\SYSTEM32\WINHTTP.dll
0x00007ff8912e0000 - 0x00007ff89134a000 	C:\WINDOWS\system32\mswsock.dll
0x00007ff878d10000 - 0x00007ff878d26000 	C:\Program Files\Java\jdk-21\bin\nio.dll
0x00007ff86bf10000 - 0x00007ff86bf28000 	C:\Program Files\Java\jdk-21\bin\zip.dll
0x00007ff8206f0000 - 0x00007ff82087f000 	C:\Program Files\Java\jdk-21\bin\awt.dll
0x00007ff88c520000 - 0x00007ff88c5b7000 	C:\WINDOWS\SYSTEM32\apphelp.dll
0x00007ff88f240000 - 0x00007ff88f26b000 	C:\WINDOWS\system32\DWMAPI.DLL
0x00007ff88ee00000 - 0x00007ff88eeb1000 	C:\WINDOWS\system32\uxtheme.dll
0x00007ff8219e0000 - 0x00007ff821ae0000 	C:\WINDOWS\system32\opengl32.dll
0x00007ff868a10000 - 0x00007ff868a3d000 	C:\WINDOWS\SYSTEM32\GLU32.dll
0x00007ff88f0e0000 - 0x00007ff88f117000 	C:\WINDOWS\SYSTEM32\dxcore.dll
0x00007ff84c610000 - 0x00007ff84c743000 	C:\ProgramData\A-Volute\A-Volute.Nahimic\Modules\Scheduled\x64\AudioDevProps2.dll
0x00007ff894660000 - 0x00007ff894801000 	C:\WINDOWS\System32\ole32.dll
0x00007ff8949d0000 - 0x00007ff894b2f000 	C:\WINDOWS\System32\MSCTF.dll
0x00007ff87fa70000 - 0x00007ff87fc18000 	C:\WINDOWS\system32\d3d9.dll
0x00007ff886820000 - 0x00007ff8869db000 	C:\WINDOWS\System32\DriverStore\FileRepository\u0408248.inf_amd64_d3cd2acdd8a04cc7\B408049\aticfx64.dll
0x00007ff880090000 - 0x00007ff8800c4000 	C:\WINDOWS\System32\DriverStore\FileRepository\u0408248.inf_amd64_d3cd2acdd8a04cc7\B408049\atiu9p64.dll
0x00007ff82ba40000 - 0x00007ff82c787000 	C:\WINDOWS\System32\DriverStore\FileRepository\u0408248.inf_amd64_d3cd2acdd8a04cc7\B408049\atiumd64.dll
0x000000006bea0000 - 0x000000006cdb3000 	C:\WINDOWS\System32\DriverStore\FileRepository\u0408248.inf_amd64_d3cd2acdd8a04cc7\B408049\atiumd6a.dll
0x00007ff893770000 - 0x00007ff893be4000 	C:\WINDOWS\System32\SETUPAPI.dll
0x00007ff8867a0000 - 0x00007ff8867d5000 	C:\WINDOWS\SYSTEM32\amdihk64.dll
0x00007ff889b70000 - 0x00007ff889bb9000 	C:\WINDOWS\SYSTEM32\directxdatabasehelper.dll
0x00007ff85c9f0000 - 0x00007ff85ca1e000 	C:\Program Files\Java\jdk-21\bin\javajpeg.dll
0x00007ff82e300000 - 0x00007ff82e387000 	C:\Program Files\Java\jdk-21\bin\freetype.dll
0x00007ff81e1e0000 - 0x00007ff81e2c1000 	C:\Program Files\Java\jdk-21\bin\fontmanager.dll
0x00007ff882770000 - 0x00007ff8828b6000 	C:\WINDOWS\SYSTEM32\textinputframework.dll
0x00007ff88bf70000 - 0x00007ff88c0a5000 	C:\WINDOWS\SYSTEM32\CoreMessaging.dll
0x00007ff889560000 - 0x00007ff8898cc000 	C:\WINDOWS\SYSTEM32\CoreUIComponents.dll
0x00007ff891530000 - 0x00007ff89153c000 	C:\WINDOWS\SYSTEM32\CRYPTBASE.DLL
0x00007ff8936c0000 - 0x00007ff893770000 	C:\WINDOWS\System32\clbcatq.dll
0x00007ff88ec00000 - 0x00007ff88edb0000 	C:\WINDOWS\SYSTEM32\WindowsCodecs.dll
0x00007ff879400000 - 0x00007ff87945e000 	C:\WINDOWS\system32\dataexchange.dll
0x00007ff887cb0000 - 0x00007ff887f55000 	C:\WINDOWS\system32\twinapi.appcore.dll
0x00007ff890950000 - 0x00007ff890a52000 	C:\WINDOWS\SYSTEM32\DNSAPI.dll
0x00007ff8908e0000 - 0x00007ff89090d000 	C:\WINDOWS\SYSTEM32\IPHLPAPI.DLL
0x00007ff892ab0000 - 0x00007ff892ab9000 	C:\WINDOWS\System32\NSI.dll
0x00007ff889550000 - 0x00007ff88955a000 	C:\Windows\System32\rasadhlp.dll
0x00007ff88a470000 - 0x00007ff88a4f3000 	C:\WINDOWS\System32\fwpuclnt.dll
0x00007ff881fb0000 - 0x00007ff881fb9000 	C:\Program Files\Java\jdk-21\bin\extnet.dll
0x00007ff891540000 - 0x00007ff89155b000 	C:\WINDOWS\SYSTEM32\CRYPTSP.dll
0x00007ff890de0000 - 0x00007ff890e15000 	C:\WINDOWS\system32\rsaenh.dll
0x00007ff8913d0000 - 0x00007ff8913f8000 	C:\WINDOWS\SYSTEM32\USERENV.dll
0x00007ff87c390000 - 0x00007ff87c39e000 	C:\Program Files\Java\jdk-21\bin\sunmscapi.dll
0x00007ff8920d0000 - 0x00007ff892236000 	C:\WINDOWS\System32\CRYPT32.dll
0x00007ff8916d0000 - 0x00007ff8916fd000 	C:\WINDOWS\SYSTEM32\ncrypt.dll
0x00007ff891690000 - 0x00007ff8916c7000 	C:\WINDOWS\SYSTEM32\NTASN1.dll

dbghelp: loaded successfully - version: 4.0.5 - missing functions: none
symbol engine: initialized successfully - sym options: 0x614 - pdb path: .;C:\Program Files\Java\jdk-21\bin;C:\WINDOWS\SYSTEM32;C:\WINDOWS\WinSxS\amd64_microsoft.windows.common-controls_6595b64144ccf1df_6.0.22621.4830_none_270fe7d773858e80;C:\Program Files\Java\jdk-21\bin\server;C:\ProgramData\A-Volute\A-Volute.Nahimic\Modules\Scheduled\x64;C:\WINDOWS\System32\DriverStore\FileRepository\u0408248.inf_amd64_d3cd2acdd8a04cc7\B408049

VM Arguments:
jvm_args: -Dfile.encoding=UTF-8 --module-path=C:\Users\tejas\OneDrive\Documents\NetBeansProjects\Travel System\build\classes 
java_command: travel.system.Splashscreen
java_class_path (initial): C:\Users\tejas\Downloads\AppIcons.zip;C:\Users\tejas\Downloads\mysql-connector-java-8.0.28.jar;C:\Users\tejas\OneDrive\Documents\NetBeansProjects\Travel System\build\classes
Launcher Type: SUN_STANDARD

[Global flags]
     intx CICompilerCount                          = 4                                         {product} {ergonomic}
     uint ConcGCThreads                            = 3                                         {product} {ergonomic}
     uint G1ConcRefinementThreads                  = 10                                        {product} {ergonomic}
   size_t G1HeapRegionSize                         = 1048576                                   {product} {ergonomic}
    uintx GCDrainStackTargetSize                   = 64                                        {product} {ergonomic}
   size_t InitialHeapSize                          = 98566144                                  {product} {ergonomic}
   size_t MarkStackSize                            = 4194304                                   {product} {ergonomic}
   size_t MaxHeapSize                              = 1572864000                                {product} {ergonomic}
   size_t MaxNewSize                               = 943718400                                 {product} {ergonomic}
   size_t MinHeapDeltaBytes                        = 1048576                                   {product} {ergonomic}
   size_t MinHeapSize                              = 8388608                                   {product} {ergonomic}
    uintx NonNMethodCodeHeapSize                   = 5839372                                {pd product} {ergonomic}
    uintx NonProfiledCodeHeapSize                  = 122909434                              {pd product} {ergonomic}
    uintx ProfiledCodeHeapSize                     = 122909434                              {pd product} {ergonomic}
    uintx ReservedCodeCacheSize                    = 251658240                              {pd product} {ergonomic}
     bool SegmentedCodeCache                       = true                                      {product} {ergonomic}
   size_t SoftMaxHeapSize                          = 1572864000                             {manageable} {ergonomic}
     bool UseCompressedOops                        = true                           {product lp64_product} {ergonomic}
     bool UseG1GC                                  = true                                      {product} {ergonomic}
     bool UseLargePagesIndividualAllocation        = false                                  {pd product} {ergonomic}

Logging:
Log output configuration:
 #0: stdout all=warning uptime,level,tags foldmultilines=false
 #1: stderr all=off uptime,level,tags foldmultilines=false

Environment Variables:
PATH=C:\Program Files\Common Files\Oracle\Java\javapath;C:\ProgramData\Oracle\Java\javapath;C:\Windows\system32;C:\Windows;C:\Windows\System32\Wbem;C:\Windows\System32\WindowsPowerShell\v1.0\;C:\Windows\System32\OpenSSH\;C:\Program Files (x86)\NVIDIA Corporation\PhysX\Common;C:\Program Files\NVIDIA Corporation\NVIDIA NvDLISR;C:\WINDOWS\system32;C:\WINDOWS;C:\WINDOWS\System32\Wbem;C:\WINDOWS\System32\WindowsPowerShell\v1.0\;C:\WINDOWS\System32\OpenSSH\;C:\Program Files\Cloudflare\Cloudflare WARP\;C:\Program Files\nodejs\;C:\Program Files\Git\cmd;C:\Program Files\MongoDB\mongosh-2.3.1-win32-x64\bin;C:\Program Files\Java\jdk-21\bin;C:\Program Files\MySQL\MySQL Shell 8.0\bin\;C:\Users\tejas\AppData\Local\Microsoft\WindowsApps;C:\Users\tejas\AppData\Local\Programs\Microsoft VS Code\bin;C:\Users\tejas\AppData\Roaming\npm;C:\Users\tejas\AppData\Local\GitHubDesktop\bin
USERNAME=tejas
OS=Windows_NT
PROCESSOR_IDENTIFIER=AMD64 Family 25 Model 80 Stepping 0, AuthenticAMD
TMP=C:\Users\tejas\AppData\Local\Temp
TEMP=C:\Users\tejas\AppData\Local\Temp




Periodic native trim disabled

---------------  S Y S T E M  ---------------

OS:
 Windows 11 , 64 bit Build 22621 (10.0.22621.4830)
OS uptime: 17 days 15:05 hours

CPU: total 12 (initial active 12) (12 cores per cpu, 2 threads per core) family 25 model 80 stepping 0 microcode 0x0, cx8, cmov, fxsr, ht, mmx, 3dnowpref, sse, sse2, sse3, ssse3, sse4a, sse4.1, sse4.2, popcnt, lzcnt, tsc, tscinvbit, avx, avx2, aes, erms, clmul, bmi1, bmi2, adx, sha, fma, vzeroupper, clflush, clflushopt, rdtscp, rdpid, fsrm, f16c, pku, cet_ss
Processor Information for all 12 processors :
  Max Mhz: 3301, Current Mhz: 3301, Mhz Limit: 3301

Memory: 4k page, system-wide physical 5996M (582M free)
TotalPageFile size 30572M (AvailPageFile size 2M)
current process WorkingSet (physical memory assigned to process): 193M, peak: 193M
current process commit charge ("private bytes"): 322M, peak: 322M

vm_info: Java HotSpot(TM) 64-Bit Server VM (21.0.5+9-LTS-239) for windows-amd64 JRE (21.0.5+9-LTS-239), built on 2024-09-30T05:17:38Z by "mach5one" with MS VC++ 17.6 (VS2022)

END.
